Log file open, 05/18/17 16:43:37
LogInit:Display: Running engine for game: BuildingEscape_03
LogPlatformFile: Not using cached read wrapper
LogInit:Display: RandInit(-600669557) SRandInit(-600669556).
LogTaskGraph: Started task graph with 4 named threads and 7 total threads with 1 sets of task threads.
LogStats: Stats thread started at 0.084015
LogInit: Version: 4.12.5-3039270+++UE4+Release-4.12
LogInit: API Version: 2992821
LogInit: Net Version: 3039270
LogDevObjectVersion: Number of dev versions registered: 13
LogDevObjectVersion:   Dev-Blueprints (B0D832E4-1F89-4F0D-ACCF-7EB736FD4AA2): 3
LogDevObjectVersion:   Dev-Build (E1C64328-A22C-4D53-A36C-8E866417BD8C): 0
LogDevObjectVersion:   Dev-Core (375EC13C-06E4-48FB-B500-84F0262A717E): 1
LogDevObjectVersion:   Dev-Editor (E4B068ED-F494-42E9-A231-DA0B2E46BB41): 2
LogDevObjectVersion:   Dev-Framework (CFFC743F-43B0-4480-9391-14DF171D2073): 6
LogDevObjectVersion:   Dev-Mobile (B02B49B5-BB20-44E9-A304-32B752E40360): 0
LogDevObjectVersion:   Dev-Networking (A4E4105C-59A1-49B5-A7C5-40C4547EDFEE): 0
LogDevObjectVersion:   Dev-Online (39C831C9-5AE6-47DC-9A44-9C173E1C8E7C): 0
LogDevObjectVersion:   Dev-Physics (78F01B33-EBEA-4F98-B9B4-84EACCB95AA2): 0
LogDevObjectVersion:   Dev-Platform (6631380F-2D4D-43E0-8009-CF276956A95A): 0
LogDevObjectVersion:   Dev-Rendering (12F88B9F-8875-4AFC-A67C-D90C383ABD29): 2
LogDevObjectVersion:   Dev-Sequencer (7B5AE74C-D270-4C10-A958-57980B212A5A): 0
LogDevObjectVersion:   Dev-VR (D7296918-1DD6-4BDD-9DE2-64A83CC13884): 0
LogInit: Compiled (64-bit): Jul  6 2016 09:09:46
LogInit: Compiled with Visual C++: 19.00.23026.00
LogInit: Build Configuration: Development
LogInit: Branch Name: ++UE4+Release-4.12
LogInit: Command line: -EpicPortal 
LogInit: Base directory: C:/Program Files (x86)/Epic Games/4.12/Engine/Binaries/Win64/
LogInit: Installed Engine Build: 1
LogInit: Using libcurl 7.41.0
LogInit:  - built for x86_64-pc-win32
LogInit:  - supports SSL with WinSSL
LogInit:  - other features:
LogInit:      CURL_VERSION_SSL
LogInit:      CURL_VERSION_IPV6
LogInit:      CURL_VERSION_ASYNCHDNS
LogInit:      CURL_VERSION_LARGEFILE
LogInit:      CURL_VERSION_IDN
LogInit:  CurlRequestOptions (configurable via config and command line):
LogInit:  - bVerifyPeer = true  - Libcurl will verify peer certificate
LogInit:  - bUseHttpProxy = false  - Libcurl will NOT use HTTP proxy
LogInit:  - bDontReuseConnections = false  - Libcurl will reuse connections
LogInit:  - CertBundlePath = nullptr  - Libcurl will use whatever was configured at build time.
LogInit: Presizing for max 8388607 objects, including 0 objects not considered by GC, pre-allocating 0 bytes for permanent pool.
LogInit: Object subsystem initialized
[2017.05.18-23.43.37:506][  0]LogInit: Selected Device Profile: [Windows]
[2017.05.18-23.43.37:506][  0]LogInit: Applying CVar settings loaded from the selected device profile: [Windows]
[2017.05.18-23.43.37:521][  0]LogInit: Computer: DESKTOP-38O4K4E
[2017.05.18-23.43.37:521][  0]LogInit: User: Jacobus
[2017.05.18-23.43.37:521][  0]LogInit: CPU Page size=65536, Cores=4
[2017.05.18-23.43.37:521][  0]LogInit: High frequency timer resolution =3.515620 MHz
[2017.05.18-23.43.37:521][  0]LogMemory: Memory total: Physical=7.9GB (8GB approx)
[2017.05.18-23.43.37:521][  0]LogMemory: Platform Memory Stats for Windows
[2017.05.18-23.43.37:521][  0]LogMemory: Process Physical Memory: 190.70 MB used, 190.70 MB peak
[2017.05.18-23.43.37:521][  0]LogMemory: Process Virtual Memory: 195.35 MB used, 195.35 MB peak
[2017.05.18-23.43.37:521][  0]LogMemory: Physical Memory: 5889.60 MB used, 8067.85 MB total
[2017.05.18-23.43.37:521][  0]LogMemory: Virtual Memory: 553.80 MB used, 134217728.00 MB total
[2017.05.18-23.43.37:649][  0]LogTextLocalizationManager: No specific translations for ('en-US') exist, so ('en') translations will be used.
[2017.05.18-23.43.38:053][  0]LogD3D11RHI: D3D11 adapters:
[2017.05.18-23.43.38:092][  0]LogD3D11RHI:    0. 'NVIDIA GeForce GTX 970' (Feature Level 11_0)
[2017.05.18-23.43.38:092][  0]LogD3D11RHI:       3957/0/4033 MB DedicatedVideo/DedicatedSystem/SharedSystem, Outputs:1, VendorId:0x10de
[2017.05.18-23.43.38:098][  0]LogD3D11RHI:    1. 'Intel(R) HD Graphics 4600' (Feature Level 11_0)
[2017.05.18-23.43.38:098][  0]LogD3D11RHI:       112/0/2048 MB DedicatedVideo/DedicatedSystem/SharedSystem, Outputs:0, VendorId:0x8086
[2017.05.18-23.43.38:099][  0]LogD3D11RHI:    2. 'Microsoft Basic Render Driver' (Feature Level 11_0)
[2017.05.18-23.43.38:099][  0]LogD3D11RHI:       0/0/4033 MB DedicatedVideo/DedicatedSystem/SharedSystem, Outputs:0, VendorId:0x1414
[2017.05.18-23.43.38:099][  0]LogD3D11RHI: Chosen D3D11 Adapter: 0
[2017.05.18-23.43.38:103][  0]LogD3D11RHI: Creating new Direct3DDevice
[2017.05.18-23.43.38:103][  0]LogD3D11RHI:     GPU DeviceId: 0x13c2 (for the marketing name, search the web for "GPU Device Id")
[2017.05.18-23.43.38:103][  0]LogWindows: EnumDisplayDevices:
[2017.05.18-23.43.38:103][  0]LogWindows:    0. 'NVIDIA GeForce GTX 970' (P:1 D:1)
[2017.05.18-23.43.38:103][  0]LogWindows:    1. 'NVIDIA GeForce GTX 970' (P:0 D:0)
[2017.05.18-23.43.38:103][  0]LogWindows:    2. 'NVIDIA GeForce GTX 970' (P:0 D:0)
[2017.05.18-23.43.38:103][  0]LogWindows:    3. 'NVIDIA GeForce GTX 970' (P:0 D:0)
[2017.05.18-23.43.38:104][  0]LogWindows:    4. 'Intel(R) HD Graphics 4600' (P:0 D:0)
[2017.05.18-23.43.38:104][  0]LogWindows:    5. 'Intel(R) HD Graphics 4600' (P:0 D:0)
[2017.05.18-23.43.38:104][  0]LogWindows:    6. 'Intel(R) HD Graphics 4600' (P:0 D:0)
[2017.05.18-23.43.38:104][  0]LogWindows: DebugString: PrimaryIsNotTheChoosenAdapter PrimaryIsNotTheChoosenAdapter PrimaryIsNotTheChoosenAdapter FoundDriverCount:4 
[2017.05.18-23.43.38:104][  0]LogD3D11RHI:     Adapter Name: NVIDIA GeForce GTX 970
[2017.05.18-23.43.38:104][  0]LogD3D11RHI:   Driver Version: 376.53 (internal:21.21.13.7653, unified:376.53)
[2017.05.18-23.43.38:104][  0]LogD3D11RHI:      Driver Date: 12-29-2016
[2017.05.18-23.43.38:104][  0]LogRHI: Texture pool is 1361 MB (70% of 1945 MB)
[2017.05.18-23.43.38:121][  0]LogD3D11RHI: Async texture creation enabled
[2017.05.18-23.43.38:131][  0]LogD3D11RHI: GPU Timing Frequency: 1000.000000 (Debug: 2 1)
[2017.05.18-23.43.38:132][  0]LogShaderCompilers: Guid format shader working directory is -25 characters bigger than the processId version (../../../../../../Users/Jacobus/Desktop/Unreal Projects/BuildingEscape_03/Intermediate/Shaders/WorkingDirectory/4756/).
[2017.05.18-23.43.38:132][  0]LogShaderCompilers: Cleaned the shader compiler working directory 'C:/Users/Jacobus/AppData/Local/Temp/UnrealShaderWorkingDir/B7E5FAC043777A9EBFBC05BDC63F5AC2/'.
[2017.05.18-23.43.38:132][  0]LogShaderCompilers:Display: Using Local Shader Compiler.
[2017.05.18-23.43.39:710][  0]LogTemp:Display: Loaded TP AllDesktopTargetPlatform
[2017.05.18-23.43.39:719][  0]LogTemp:Display: Loaded TP WindowsClientTargetPlatform
[2017.05.18-23.43.39:729][  0]LogTemp:Display: Loaded TP WindowsNoEditorTargetPlatform
[2017.05.18-23.43.39:738][  0]LogTemp:Display: Loaded TP WindowsServerTargetPlatform
[2017.05.18-23.43.39:747][  0]LogTemp:Display: Loaded TP WindowsTargetPlatform
[2017.05.18-23.43.39:757][  0]LogTemp:Display: Loaded TP AndroidTargetPlatform
[2017.05.18-23.43.39:765][  0]LogTemp:Display: Loaded TP Android_ASTCTargetPlatform
[2017.05.18-23.43.39:772][  0]LogTemp:Display: Loaded TP Android_ATCTargetPlatform
[2017.05.18-23.43.39:779][  0]LogTemp:Display: Loaded TP Android_DXTTargetPlatform
[2017.05.18-23.43.39:786][  0]LogTemp:Display: Loaded TP Android_ETC1TargetPlatform
[2017.05.18-23.43.39:794][  0]LogTemp:Display: Loaded TP Android_ETC2TargetPlatform
[2017.05.18-23.43.39:808][  0]LogTemp:Display: Loaded TP Android_MultiTargetPlatform
[2017.05.18-23.43.39:808][  0]LogTemp:Display: Loaded TP Android_PVRTCTargetPlatform
[2017.05.18-23.43.39:809][  0]LogTemp:Display: Loaded TP HTML5TargetPlatform
[2017.05.18-23.43.39:834][  0]LogTemp:Display: Loaded TP IOSTargetPlatform
[2017.05.18-23.43.39:841][  0]LogTemp:Display: Loaded TP TVOSTargetPlatform
[2017.05.18-23.43.39:849][  0]LogTemp:Display: Loaded TP LinuxNoEditorTargetPlatform
[2017.05.18-23.43.39:855][  0]LogTemp:Display: Loaded TP LinuxServerTargetPlatform
[2017.05.18-23.43.39:865][  0]LogTemp:Display: Loaded TP LinuxTargetPlatform
[2017.05.18-23.43.39:865][  0]LogTargetPlatformManager:Display: Building Assets For Windows
[2017.05.18-23.43.39:955][  0]LogDerivedDataCache:Display: Max Cache Size: 512 MB
[2017.05.18-23.43.40:002][  0]LogDerivedDataCache: Loaded boot cache 0.05s 48MB C:/Users/Jacobus/AppData/Local/UnrealEngine/4.12/DerivedDataCache/Boot.ddc.
[2017.05.18-23.43.40:002][  0]LogDerivedDataCache:Display: Loaded Boot cache: C:/Users/Jacobus/AppData/Local/UnrealEngine/4.12/DerivedDataCache/Boot.ddc
[2017.05.18-23.43.40:002][  0]LogDerivedDataCache: FDerivedDataBackendGraph:  Pak pak cache file ../../../../../../Users/Jacobus/Desktop/Unreal Projects/BuildingEscape_03/DerivedDataCache/DDC.ddp not found, will not use a pak cache.
[2017.05.18-23.43.40:002][  0]LogDerivedDataCache: Unable to find inner node Pak for hierarchical cache Hierarchy.
[2017.05.18-23.43.40:003][  0]LogDerivedDataCache: FDerivedDataBackendGraph:  CompressedPak pak cache file ../../../../../../Users/Jacobus/Desktop/Unreal Projects/BuildingEscape_03/DerivedDataCache/Compressed.ddp not found, will not use a pak cache.
[2017.05.18-23.43.40:003][  0]LogDerivedDataCache: Unable to find inner node CompressedPak for hierarchical cache Hierarchy.
[2017.05.18-23.43.40:019][  0]LogDerivedDataCache:Display: Pak cache opened for reading ../../../Engine/DerivedDataCache/Compressed.ddp.
[2017.05.18-23.43.40:031][  0]LogDerivedDataCache: Using Local data cache path C:/Users/Jacobus/AppData/Local/UnrealEngine/Common/DerivedDataCache: Writable
[2017.05.18-23.43.40:200][  0]LogInit: Selected Device Profile: [Windows]
[2017.05.18-23.43.40:200][  0]LogContentStreaming: Texture pool size is 0.00 MB
[2017.05.18-23.43.40:344][  0]LogMeshUtilities: No automatic mesh reduction module available
[2017.05.18-23.43.40:344][  0]LogMeshUtilities: No automatic mesh merging module available
[2017.05.18-23.43.40:344][  0]LogMeshUtilities: No distributed automatic mesh merging module available
[2017.05.18-23.43.40:575][  0]LogAssetRegistry: FAssetRegistry took 0.0210 seconds to start up
[2017.05.18-23.43.40:605][  0]LogPackageLocalizationCache: Processed 3 localized package path(s) for 2 prioritized culture(s) in 0.026657 seconds
[2017.05.18-23.43.40:609][  0]LogUObjectArray: 28739 objects as part of root set at end of initial load.
[2017.05.18-23.43.40:609][  0]LogUObjectAllocator: 5855624 out of 0 bytes used by permanent object pool.
[2017.05.18-23.43.40:609][  0]LogUObjectArray: CloseDisregardForGC: 0/0 objects in disregard for GC pool
[2017.05.18-23.43.40:619][  0]LogInit: WinSock: version 1.1 (2.2), MaxSocks=32767, MaxUdp=65467
[2017.05.18-23.43.40:913][  0]LogSlate: SlateFontCache - WITH_FREETYPE: 1, WITH_HARFBUZZ: 1
[2017.05.18-23.43.40:913][  0]LogSlate: SlateFontCache - WITH_FREETYPE: 1, WITH_HARFBUZZ: 1
[2017.05.18-23.43.44:080][  0]LogUdpMessaging: Initializing bridge on interface 0.0.0.0:0 to multicast group 230.0.0.1:6666.
[2017.05.18-23.43.44:349][  0]SourceControl: Info Source control is disabled
[2017.05.18-23.43.44:392][  0]SourceControl: Info Source control is disabled
[2017.05.18-23.43.44:404][  0]SourceControl: Info Source control is disabled
[2017.05.18-23.43.44:414][  0]SourceControl: Info Source control is disabled
[2017.05.18-23.43.44:685][  0]LogEngine: Initializing Engine...
[2017.05.18-23.43.44:686][  0]LogHMD: SteamVR failed to initialize.  Err: 110
[2017.05.18-23.43.44:687][  0]LogHMD: SteamVR failed to initialize.  Err: 110
[2017.05.18-23.43.44:823][  0]LogAIModule: Creating AISystem for world NewWorld
[2017.05.18-23.43.44:852][  0]LogInit: XAudio2 using 'Headphones (High Definition Audio Device)' : 2 channels at 44.1 kHz using 16 bits per sample (channel mask 0x3)
[2017.05.18-23.43.44:862][  0]LogInit: FAudioDevice initialized.
[2017.05.18-23.43.44:884][  0]LogDerivedDataCache: Saved boot cache 0.02s 48MB C:/Users/Jacobus/AppData/Local/UnrealEngine/4.12/DerivedDataCache/Boot.ddc.
[2017.05.18-23.43.44:892][  0]LogInit: Texture streaming: Enabled
[2017.05.18-23.43.44:921][  0]LogInit: Transaction tracking system initialized
[2017.05.18-23.43.44:951][  0]BlueprintLog: New page: Editor Load
[2017.05.18-23.43.45:350][  0]LocalizationService: Info Localization service is disabled
[2017.05.18-23.43.45:463][  0]LogConsoleResponse:Display: 
[2017.05.18-23.43.45:651][  0]LogFileCache: Scanning file cache for directory 'C:/Users/Jacobus/Desktop/Unreal Projects/BuildingEscape_03/Content/' took 0.01s
[2017.05.18-23.43.45:651][  0]LogCook:Display: Max memory allowance for cook 8192mb
[2017.05.18-23.43.45:651][  0]LogCook:Display: Mobile HDR setting 1
[2017.05.18-23.43.45:810][  0]SourceControl: Info Source control is disabled
[2017.05.18-23.43.46:156][  0]LogFactory: FactoryCreateFile: PackFactory with PackFactory (0 0 C:/Program Files (x86)/Epic Games/4.12/FeaturePacks/StarterContent.upack)
[2017.05.18-23.43.46:630][  0]LogPackFactory: Finished extracting 8 files (including 0 errors).
[2017.05.18-23.43.46:708][  0]LogPackFactory: Copied "../../../Samples/StarterContent/Content/StarterContent/Architecture/Floor_400x400.uasset" to "../../../../../../Users/Jacobus/Desktop/Unreal Projects/BuildingEscape_03/Content/StarterContent/Architecture/Floor_400x400.uasset"
[2017.05.18-23.43.46:725][  0]LogPackFactory: Copied "../../../Samples/StarterContent/Content/StarterContent/Architecture/Pillar_50x500.uasset" to "../../../../../../Users/Jacobus/Desktop/Unreal Projects/BuildingEscape_03/Content/StarterContent/Architecture/Pillar_50x500.uasset"
[2017.05.18-23.43.46:762][  0]LogPackFactory: Copied "../../../Samples/StarterContent/Content/StarterContent/Architecture/SM_AssetPlatform.uasset" to "../../../../../../Users/Jacobus/Desktop/Unreal Projects/BuildingEscape_03/Content/StarterContent/Architecture/SM_AssetPlatform.uasset"
[2017.05.18-23.43.46:811][  0]LogPackFactory: Copied "../../../Samples/StarterContent/Content/StarterContent/Architecture/Wall_400x200.uasset" to "../../../../../../Users/Jacobus/Desktop/Unreal Projects/BuildingEscape_03/Content/StarterContent/Architecture/Wall_400x200.uasset"
[2017.05.18-23.43.46:840][  0]LogPackFactory: Copied "../../../Samples/StarterContent/Content/StarterContent/Architecture/Wall_400x300.uasset" to "../../../../../../Users/Jacobus/Desktop/Unreal Projects/BuildingEscape_03/Content/StarterContent/Architecture/Wall_400x300.uasset"
[2017.05.18-23.43.46:880][  0]LogPackFactory: Copied "../../../Samples/StarterContent/Content/StarterContent/Architecture/Wall_400x400.uasset" to "../../../../../../Users/Jacobus/Desktop/Unreal Projects/BuildingEscape_03/Content/StarterContent/Architecture/Wall_400x400.uasset"
[2017.05.18-23.43.46:897][  0]LogPackFactory: Copied "../../../Samples/StarterContent/Content/StarterContent/Architecture/Wall_500x500.uasset" to "../../../../../../Users/Jacobus/Desktop/Unreal Projects/BuildingEscape_03/Content/StarterContent/Architecture/Wall_500x500.uasset"
[2017.05.18-23.43.47:021][  0]LogPackFactory: Copied "../../../Samples/StarterContent/Content/StarterContent/Architecture/Wall_Door_400x300.uasset" to "../../../../../../Users/Jacobus/Desktop/Unreal Projects/BuildingEscape_03/Content/StarterContent/Architecture/Wall_Door_400x300.uasset"
[2017.05.18-23.43.47:046][  0]LogPackFactory: Copied "../../../Samples/StarterContent/Content/StarterContent/Architecture/Wall_Door_400x400.uasset" to "../../../../../../Users/Jacobus/Desktop/Unreal Projects/BuildingEscape_03/Content/StarterContent/Architecture/Wall_Door_400x400.uasset"
[2017.05.18-23.43.47:095][  0]LogPackFactory: Copied "../../../Samples/StarterContent/Content/StarterContent/Architecture/Wall_Window_400x300.uasset" to "../../../../../../Users/Jacobus/Desktop/Unreal Projects/BuildingEscape_03/Content/StarterContent/Architecture/Wall_Window_400x300.uasset"
[2017.05.18-23.43.47:110][  0]LogPackFactory: Copied "../../../Samples/StarterContent/Content/StarterContent/Architecture/Wall_Window_400x400.uasset" to "../../../../../../Users/Jacobus/Desktop/Unreal Projects/BuildingEscape_03/Content/StarterContent/Architecture/Wall_Window_400x400.uasset"
[2017.05.18-23.43.47:173][  0]LogPackFactory: Copied "../../../Samples/StarterContent/Content/StarterContent/Audio/Collapse01.uasset" to "../../../../../../Users/Jacobus/Desktop/Unreal Projects/BuildingEscape_03/Content/StarterContent/Audio/Collapse01.uasset"
[2017.05.18-23.43.47:205][  0]LogPackFactory: Copied "../../../Samples/StarterContent/Content/StarterContent/Audio/Collapse02.uasset" to "../../../../../../Users/Jacobus/Desktop/Unreal Projects/BuildingEscape_03/Content/StarterContent/Audio/Collapse02.uasset"
[2017.05.18-23.43.47:218][  0]LogPackFactory: Copied "../../../Samples/StarterContent/Content/StarterContent/Audio/Collapse_Cue.uasset" to "../../../../../../Users/Jacobus/Desktop/Unreal Projects/BuildingEscape_03/Content/StarterContent/Audio/Collapse_Cue.uasset"
[2017.05.18-23.43.47:263][  0]LogPackFactory: Copied "../../../Samples/StarterContent/Content/StarterContent/Audio/Explosion01.uasset" to "../../../../../../Users/Jacobus/Desktop/Unreal Projects/BuildingEscape_03/Content/StarterContent/Audio/Explosion01.uasset"
[2017.05.18-23.43.47:289][  0]LogPackFactory: Copied "../../../Samples/StarterContent/Content/StarterContent/Audio/Explosion02.uasset" to "../../../../../../Users/Jacobus/Desktop/Unreal Projects/BuildingEscape_03/Content/StarterContent/Audio/Explosion02.uasset"
[2017.05.18-23.43.47:306][  0]LogPackFactory: Copied "../../../Samples/StarterContent/Content/StarterContent/Audio/Explosion_Cue.uasset" to "../../../../../../Users/Jacobus/Desktop/Unreal Projects/BuildingEscape_03/Content/StarterContent/Audio/Explosion_Cue.uasset"
[2017.05.18-23.43.47:323][  0]LogPackFactory: Copied "../../../Samples/StarterContent/Content/StarterContent/Audio/Fire01.uasset" to "../../../../../../Users/Jacobus/Desktop/Unreal Projects/BuildingEscape_03/Content/StarterContent/Audio/Fire01.uasset"
[2017.05.18-23.43.47:354][  0]LogPackFactory: Copied "../../../Samples/StarterContent/Content/StarterContent/Audio/Fire01_Cue.uasset" to "../../../../../../Users/Jacobus/Desktop/Unreal Projects/BuildingEscape_03/Content/StarterContent/Audio/Fire01_Cue.uasset"
[2017.05.18-23.43.47:385][  0]LogPackFactory: Copied "../../../Samples/StarterContent/Content/StarterContent/Audio/Fire_Sparks01.uasset" to "../../../../../../Users/Jacobus/Desktop/Unreal Projects/BuildingEscape_03/Content/StarterContent/Audio/Fire_Sparks01.uasset"
[2017.05.18-23.43.47:444][  0]LogPackFactory: Copied "../../../Samples/StarterContent/Content/StarterContent/Audio/Fire_Sparks01_Cue.uasset" to "../../../../../../Users/Jacobus/Desktop/Unreal Projects/BuildingEscape_03/Content/StarterContent/Audio/Fire_Sparks01_Cue.uasset"
[2017.05.18-23.43.47:509][  0]LogPackFactory: Copied "../../../Samples/StarterContent/Content/StarterContent/Audio/Light01.uasset" to "../../../../../../Users/Jacobus/Desktop/Unreal Projects/BuildingEscape_03/Content/StarterContent/Audio/Light01.uasset"
[2017.05.18-23.43.47:639][  0]LogPackFactory: Copied "../../../Samples/StarterContent/Content/StarterContent/Audio/Light01_Cue.uasset" to "../../../../../../Users/Jacobus/Desktop/Unreal Projects/BuildingEscape_03/Content/StarterContent/Audio/Light01_Cue.uasset"
[2017.05.18-23.43.47:681][  0]LogPackFactory: Copied "../../../Samples/StarterContent/Content/StarterContent/Audio/Light02.uasset" to "../../../../../../Users/Jacobus/Desktop/Unreal Projects/BuildingEscape_03/Content/StarterContent/Audio/Light02.uasset"
[2017.05.18-23.43.47:843][  0]LogPackFactory: Copied "../../../Samples/StarterContent/Content/StarterContent/Audio/Light02_Cue.uasset" to "../../../../../../Users/Jacobus/Desktop/Unreal Projects/BuildingEscape_03/Content/StarterContent/Audio/Light02_Cue.uasset"
[2017.05.18-23.43.47:983][  0]LogPackFactory: Copied "../../../Samples/StarterContent/Content/StarterContent/Audio/Smoke01.uasset" to "../../../../../../Users/Jacobus/Desktop/Unreal Projects/BuildingEscape_03/Content/StarterContent/Audio/Smoke01.uasset"
[2017.05.18-23.43.48:032][  0]LogPackFactory: Copied "../../../Samples/StarterContent/Content/StarterContent/Audio/Smoke01_Cue.uasset" to "../../../../../../Users/Jacobus/Desktop/Unreal Projects/BuildingEscape_03/Content/StarterContent/Audio/Smoke01_Cue.uasset"
[2017.05.18-23.43.48:184][  0]LogPackFactory: Copied "../../../Samples/StarterContent/Content/StarterContent/Audio/Starter_Background_Cue.uasset" to "../../../../../../Users/Jacobus/Desktop/Unreal Projects/BuildingEscape_03/Content/StarterContent/Audio/Starter_Background_Cue.uasset"
[2017.05.18-23.43.48:252][  0]LogPackFactory: Copied "../../../Samples/StarterContent/Content/StarterContent/Audio/Starter_Birds01.uasset" to "../../../../../../Users/Jacobus/Desktop/Unreal Projects/BuildingEscape_03/Content/StarterContent/Audio/Starter_Birds01.uasset"
[2017.05.18-23.43.48:330][  0]LogPackFactory: Copied "../../../Samples/StarterContent/Content/StarterContent/Audio/Starter_Music01.uasset" to "../../../../../../Users/Jacobus/Desktop/Unreal Projects/BuildingEscape_03/Content/StarterContent/Audio/Starter_Music01.uasset"
[2017.05.18-23.43.48:378][  0]LogPackFactory: Copied "../../../Samples/StarterContent/Content/StarterContent/Audio/Starter_Music_Cue.uasset" to "../../../../../../Users/Jacobus/Desktop/Unreal Projects/BuildingEscape_03/Content/StarterContent/Audio/Starter_Music_Cue.uasset"
[2017.05.18-23.43.48:642][  0]LogPackFactory: Copied "../../../Samples/StarterContent/Content/StarterContent/Audio/Starter_Wind05.uasset" to "../../../../../../Users/Jacobus/Desktop/Unreal Projects/BuildingEscape_03/Content/StarterContent/Audio/Starter_Wind05.uasset"
[2017.05.18-23.43.48:690][  0]LogPackFactory: Copied "../../../Samples/StarterContent/Content/StarterContent/Audio/Starter_Wind06.uasset" to "../../../../../../Users/Jacobus/Desktop/Unreal Projects/BuildingEscape_03/Content/StarterContent/Audio/Starter_Wind06.uasset"
[2017.05.18-23.43.48:713][  0]LogPackFactory: Copied "../../../Samples/StarterContent/Content/StarterContent/Audio/Steam01.uasset" to "../../../../../../Users/Jacobus/Desktop/Unreal Projects/BuildingEscape_03/Content/StarterContent/Audio/Steam01.uasset"
[2017.05.18-23.43.49:028][  0]LogPackFactory: Copied "../../../Samples/StarterContent/Content/StarterContent/Audio/Steam01_Cue.uasset" to "../../../../../../Users/Jacobus/Desktop/Unreal Projects/BuildingEscape_03/Content/StarterContent/Audio/Steam01_Cue.uasset"
[2017.05.18-23.43.49:098][  0]LogPackFactory: Copied "../../../Samples/StarterContent/Content/StarterContent/Blueprints/Blueprint_CeilingLight.uasset" to "../../../../../../Users/Jacobus/Desktop/Unreal Projects/BuildingEscape_03/Content/StarterContent/Blueprints/Blueprint_CeilingLight.uasset"
[2017.05.18-23.43.49:300][  0]LogPackFactory: Copied "../../../Samples/StarterContent/Content/StarterContent/Blueprints/Blueprint_Effect_Explosion.uasset" to "../../../../../../Users/Jacobus/Desktop/Unreal Projects/BuildingEscape_03/Content/StarterContent/Blueprints/Blueprint_Effect_Explosion.uasset"
[2017.05.18-23.43.49:549][  0]LogPackFactory: Copied "../../../Samples/StarterContent/Content/StarterContent/Blueprints/Blueprint_Effect_Fire.uasset" to "../../../../../../Users/Jacobus/Desktop/Unreal Projects/BuildingEscape_03/Content/StarterContent/Blueprints/Blueprint_Effect_Fire.uasset"
[2017.05.18-23.43.49:561][  0]LogPackFactory: Copied "../../../Samples/StarterContent/Content/StarterContent/Blueprints/Blueprint_Effect_Smoke.uasset" to "../../../../../../Users/Jacobus/Desktop/Unreal Projects/BuildingEscape_03/Content/StarterContent/Blueprints/Blueprint_Effect_Smoke.uasset"
[2017.05.18-23.43.49:701][  0]LogPackFactory: Copied "../../../Samples/StarterContent/Content/StarterContent/Blueprints/Blueprint_Effect_Sparks.uasset" to "../../../../../../Users/Jacobus/Desktop/Unreal Projects/BuildingEscape_03/Content/StarterContent/Blueprints/Blueprint_Effect_Sparks.uasset"
[2017.05.18-23.43.49:724][  0]LogPackFactory: Copied "../../../Samples/StarterContent/Content/StarterContent/Blueprints/Blueprint_Effect_Steam.uasset" to "../../../../../../Users/Jacobus/Desktop/Unreal Projects/BuildingEscape_03/Content/StarterContent/Blueprints/Blueprint_Effect_Steam.uasset"
[2017.05.18-23.43.49:789][  0]LogPackFactory: Copied "../../../Samples/StarterContent/Content/StarterContent/Blueprints/Blueprint_WallSconce.uasset" to "../../../../../../Users/Jacobus/Desktop/Unreal Projects/BuildingEscape_03/Content/StarterContent/Blueprints/Blueprint_WallSconce.uasset"
[2017.05.18-23.43.49:842][  0]LogPackFactory: Copied "../../../Samples/StarterContent/Content/StarterContent/Blueprints/BP_LightStudio.uasset" to "../../../../../../Users/Jacobus/Desktop/Unreal Projects/BuildingEscape_03/Content/StarterContent/Blueprints/BP_LightStudio.uasset"
[2017.05.18-23.43.49:914][  0]LogPackFactory: Copied "../../../Samples/StarterContent/Content/StarterContent/Blueprints/Assets/FogBrightnessLUT.uasset" to "../../../../../../Users/Jacobus/Desktop/Unreal Projects/BuildingEscape_03/Content/StarterContent/Blueprints/Assets/FogBrightnessLUT.uasset"
[2017.05.18-23.43.49:952][  0]LogPackFactory: Copied "../../../Samples/StarterContent/Content/StarterContent/Blueprints/Assets/M_LightStage_Arrows.uasset" to "../../../../../../Users/Jacobus/Desktop/Unreal Projects/BuildingEscape_03/Content/StarterContent/Blueprints/Assets/M_LightStage_Arrows.uasset"
[2017.05.18-23.43.49:998][  0]LogPackFactory: Copied "../../../Samples/StarterContent/Content/StarterContent/Blueprints/Assets/M_LightStage_Skybox_Black.uasset" to "../../../../../../Users/Jacobus/Desktop/Unreal Projects/BuildingEscape_03/Content/StarterContent/Blueprints/Assets/M_LightStage_Skybox_Black.uasset"
[2017.05.18-23.43.50:045][  0]LogPackFactory: Copied "../../../Samples/StarterContent/Content/StarterContent/Blueprints/Assets/M_LightStage_Skybox_HDRI.uasset" to "../../../../../../Users/Jacobus/Desktop/Unreal Projects/BuildingEscape_03/Content/StarterContent/Blueprints/Assets/M_LightStage_Skybox_HDRI.uasset"
[2017.05.18-23.43.50:064][  0]LogPackFactory: Copied "../../../Samples/StarterContent/Content/StarterContent/Blueprints/Assets/M_LightStage_Skybox_Master.uasset" to "../../../../../../Users/Jacobus/Desktop/Unreal Projects/BuildingEscape_03/Content/StarterContent/Blueprints/Assets/M_LightStage_Skybox_Master.uasset"
[2017.05.18-23.43.50:132][  0]LogPackFactory: Copied "../../../Samples/StarterContent/Content/StarterContent/Blueprints/Assets/Skybox.uasset" to "../../../../../../Users/Jacobus/Desktop/Unreal Projects/BuildingEscape_03/Content/StarterContent/Blueprints/Assets/Skybox.uasset"
[2017.05.18-23.43.50:166][  0]LogPackFactory: Copied "../../../Samples/StarterContent/Content/StarterContent/Blueprints/Assets/SM_Arrows.uasset" to "../../../../../../Users/Jacobus/Desktop/Unreal Projects/BuildingEscape_03/Content/StarterContent/Blueprints/Assets/SM_Arrows.uasset"
[2017.05.18-23.43.50:182][  0]LogPackFactory: Copied "../../../Samples/StarterContent/Content/StarterContent/Blueprints/Assets/SunlightColorLUT.uasset" to "../../../../../../Users/Jacobus/Desktop/Unreal Projects/BuildingEscape_03/Content/StarterContent/Blueprints/Assets/SunlightColorLUT.uasset"
[2017.05.18-23.44.03:644][  0]LogPackFactory: Copied "../../../Samples/StarterContent/Content/StarterContent/HDRI/HDRI_Epic_Courtyard_Daylight.uasset" to "../../../../../../Users/Jacobus/Desktop/Unreal Projects/BuildingEscape_03/Content/StarterContent/HDRI/HDRI_Epic_Courtyard_Daylight.uasset"
[2017.05.18-23.44.03:757][  0]LogPackFactory: Copied "../../../Samples/StarterContent/Content/StarterContent/Maps/Advanced_Lighting.umap" to "../../../../../../Users/Jacobus/Desktop/Unreal Projects/BuildingEscape_03/Content/StarterContent/Maps/Advanced_Lighting.umap"
[2017.05.18-23.44.03:800][  0]LogPackFactory: Copied "../../../Samples/StarterContent/Content/StarterContent/Maps/Minimal_Default.umap" to "../../../../../../Users/Jacobus/Desktop/Unreal Projects/BuildingEscape_03/Content/StarterContent/Maps/Minimal_Default.umap"
[2017.05.18-23.44.04:151][  0]LogPackFactory: Copied "../../../Samples/StarterContent/Content/StarterContent/Maps/StarterMap.umap" to "../../../../../../Users/Jacobus/Desktop/Unreal Projects/BuildingEscape_03/Content/StarterContent/Maps/StarterMap.umap"
[2017.05.18-23.44.04:425][  0]LogPackFactory: Copied "../../../Samples/StarterContent/Content/StarterContent/Materials/M_AssetPlatform.uasset" to "../../../../../../Users/Jacobus/Desktop/Unreal Projects/BuildingEscape_03/Content/StarterContent/Materials/M_AssetPlatform.uasset"
[2017.05.18-23.44.04:516][  0]LogPackFactory: Copied "../../../Samples/StarterContent/Content/StarterContent/Materials/M_Basic_Floor.uasset" to "../../../../../../Users/Jacobus/Desktop/Unreal Projects/BuildingEscape_03/Content/StarterContent/Materials/M_Basic_Floor.uasset"
[2017.05.18-23.44.04:552][  0]LogPackFactory: Copied "../../../Samples/StarterContent/Content/StarterContent/Materials/M_Basic_Wall.uasset" to "../../../../../../Users/Jacobus/Desktop/Unreal Projects/BuildingEscape_03/Content/StarterContent/Materials/M_Basic_Wall.uasset"
[2017.05.18-23.44.04:566][  0]LogPackFactory: Copied "../../../Samples/StarterContent/Content/StarterContent/Materials/M_Brick_Clay_Beveled.uasset" to "../../../../../../Users/Jacobus/Desktop/Unreal Projects/BuildingEscape_03/Content/StarterContent/Materials/M_Brick_Clay_Beveled.uasset"
[2017.05.18-23.44.04:582][  0]LogPackFactory: Copied "../../../Samples/StarterContent/Content/StarterContent/Materials/M_Brick_Clay_New.uasset" to "../../../../../../Users/Jacobus/Desktop/Unreal Projects/BuildingEscape_03/Content/StarterContent/Materials/M_Brick_Clay_New.uasset"
[2017.05.18-23.44.04:648][  0]LogPackFactory: Copied "../../../Samples/StarterContent/Content/StarterContent/Materials/M_Brick_Clay_Old.uasset" to "../../../../../../Users/Jacobus/Desktop/Unreal Projects/BuildingEscape_03/Content/StarterContent/Materials/M_Brick_Clay_Old.uasset"
[2017.05.18-23.44.04:711][  0]LogPackFactory: Copied "../../../Samples/StarterContent/Content/StarterContent/Materials/M_Brick_Cut_Stone.uasset" to "../../../../../../Users/Jacobus/Desktop/Unreal Projects/BuildingEscape_03/Content/StarterContent/Materials/M_Brick_Cut_Stone.uasset"
[2017.05.18-23.44.04:843][  0]LogPackFactory: Copied "../../../Samples/StarterContent/Content/StarterContent/Materials/M_Brick_Hewn_Stone.uasset" to "../../../../../../Users/Jacobus/Desktop/Unreal Projects/BuildingEscape_03/Content/StarterContent/Materials/M_Brick_Hewn_Stone.uasset"
[2017.05.18-23.44.04:866][  0]LogPackFactory: Copied "../../../Samples/StarterContent/Content/StarterContent/Materials/M_Ceramic_Tile_Checker.uasset" to "../../../../../../Users/Jacobus/Desktop/Unreal Projects/BuildingEscape_03/Content/StarterContent/Materials/M_Ceramic_Tile_Checker.uasset"
[2017.05.18-23.44.05:074][  0]LogPackFactory: Copied "../../../Samples/StarterContent/Content/StarterContent/Materials/M_CobbleStone_Pebble.uasset" to "../../../../../../Users/Jacobus/Desktop/Unreal Projects/BuildingEscape_03/Content/StarterContent/Materials/M_CobbleStone_Pebble.uasset"
[2017.05.18-23.44.05:202][  0]LogPackFactory: Copied "../../../Samples/StarterContent/Content/StarterContent/Materials/M_CobbleStone_Rough.uasset" to "../../../../../../Users/Jacobus/Desktop/Unreal Projects/BuildingEscape_03/Content/StarterContent/Materials/M_CobbleStone_Rough.uasset"
[2017.05.18-23.44.05:263][  0]LogPackFactory: Copied "../../../Samples/StarterContent/Content/StarterContent/Materials/M_CobbleStone_Smooth.uasset" to "../../../../../../Users/Jacobus/Desktop/Unreal Projects/BuildingEscape_03/Content/StarterContent/Materials/M_CobbleStone_Smooth.uasset"
[2017.05.18-23.44.05:373][  0]LogPackFactory: Copied "../../../Samples/StarterContent/Content/StarterContent/Materials/M_ColorGrid_LowSpec.uasset" to "../../../../../../Users/Jacobus/Desktop/Unreal Projects/BuildingEscape_03/Content/StarterContent/Materials/M_ColorGrid_LowSpec.uasset"
[2017.05.18-23.44.05:402][  0]LogPackFactory: Copied "../../../Samples/StarterContent/Content/StarterContent/Materials/M_Concrete_Grime.uasset" to "../../../../../../Users/Jacobus/Desktop/Unreal Projects/BuildingEscape_03/Content/StarterContent/Materials/M_Concrete_Grime.uasset"
[2017.05.18-23.44.05:521][  0]LogPackFactory: Copied "../../../Samples/StarterContent/Content/StarterContent/Materials/M_Concrete_Panels.uasset" to "../../../../../../Users/Jacobus/Desktop/Unreal Projects/BuildingEscape_03/Content/StarterContent/Materials/M_Concrete_Panels.uasset"
[2017.05.18-23.44.05:537][  0]LogPackFactory: Copied "../../../Samples/StarterContent/Content/StarterContent/Materials/M_Concrete_Poured.uasset" to "../../../../../../Users/Jacobus/Desktop/Unreal Projects/BuildingEscape_03/Content/StarterContent/Materials/M_Concrete_Poured.uasset"
[2017.05.18-23.44.05:577][  0]LogPackFactory: Copied "../../../Samples/StarterContent/Content/StarterContent/Materials/M_Concrete_Tiles.uasset" to "../../../../../../Users/Jacobus/Desktop/Unreal Projects/BuildingEscape_03/Content/StarterContent/Materials/M_Concrete_Tiles.uasset"
[2017.05.18-23.44.05:622][  0]LogPackFactory: Copied "../../../Samples/StarterContent/Content/StarterContent/Materials/M_Glass.uasset" to "../../../../../../Users/Jacobus/Desktop/Unreal Projects/BuildingEscape_03/Content/StarterContent/Materials/M_Glass.uasset"
[2017.05.18-23.44.05:651][  0]LogPackFactory: Copied "../../../Samples/StarterContent/Content/StarterContent/Materials/M_Ground_Grass.uasset" to "../../../../../../Users/Jacobus/Desktop/Unreal Projects/BuildingEscape_03/Content/StarterContent/Materials/M_Ground_Grass.uasset"
[2017.05.18-23.44.05:796][  0]LogPackFactory: Copied "../../../Samples/StarterContent/Content/StarterContent/Materials/M_Ground_Gravel.uasset" to "../../../../../../Users/Jacobus/Desktop/Unreal Projects/BuildingEscape_03/Content/StarterContent/Materials/M_Ground_Gravel.uasset"
[2017.05.18-23.44.05:818][  0]LogPackFactory: Copied "../../../Samples/StarterContent/Content/StarterContent/Materials/M_Ground_Moss.uasset" to "../../../../../../Users/Jacobus/Desktop/Unreal Projects/BuildingEscape_03/Content/StarterContent/Materials/M_Ground_Moss.uasset"
[2017.05.18-23.44.05:846][  0]LogPackFactory: Copied "../../../Samples/StarterContent/Content/StarterContent/Materials/M_Metal_Brushed_Nickel.uasset" to "../../../../../../Users/Jacobus/Desktop/Unreal Projects/BuildingEscape_03/Content/StarterContent/Materials/M_Metal_Brushed_Nickel.uasset"
[2017.05.18-23.44.05:865][  0]LogPackFactory: Copied "../../../Samples/StarterContent/Content/StarterContent/Materials/M_Metal_Burnished_Steel.uasset" to "../../../../../../Users/Jacobus/Desktop/Unreal Projects/BuildingEscape_03/Content/StarterContent/Materials/M_Metal_Burnished_Steel.uasset"
[2017.05.18-23.44.06:027][  0]LogPackFactory: Copied "../../../Samples/StarterContent/Content/StarterContent/Materials/M_Metal_Chrome.uasset" to "../../../../../../Users/Jacobus/Desktop/Unreal Projects/BuildingEscape_03/Content/StarterContent/Materials/M_Metal_Chrome.uasset"
[2017.05.18-23.44.06:088][  0]LogPackFactory: Copied "../../../Samples/StarterContent/Content/StarterContent/Materials/M_Metal_Copper.uasset" to "../../../../../../Users/Jacobus/Desktop/Unreal Projects/BuildingEscape_03/Content/StarterContent/Materials/M_Metal_Copper.uasset"
[2017.05.18-23.44.06:187][  0]LogPackFactory: Copied "../../../Samples/StarterContent/Content/StarterContent/Materials/M_Metal_Gold.uasset" to "../../../../../../Users/Jacobus/Desktop/Unreal Projects/BuildingEscape_03/Content/StarterContent/Materials/M_Metal_Gold.uasset"
[2017.05.18-23.44.06:267][  0]LogPackFactory: Copied "../../../Samples/StarterContent/Content/StarterContent/Materials/M_Metal_Rust.uasset" to "../../../../../../Users/Jacobus/Desktop/Unreal Projects/BuildingEscape_03/Content/StarterContent/Materials/M_Metal_Rust.uasset"
[2017.05.18-23.44.06:368][  0]LogPackFactory: Copied "../../../Samples/StarterContent/Content/StarterContent/Materials/M_Metal_Steel.uasset" to "../../../../../../Users/Jacobus/Desktop/Unreal Projects/BuildingEscape_03/Content/StarterContent/Materials/M_Metal_Steel.uasset"
[2017.05.18-23.44.06:389][  0]LogPackFactory: Copied "../../../Samples/StarterContent/Content/StarterContent/Materials/M_Rock_Basalt.uasset" to "../../../../../../Users/Jacobus/Desktop/Unreal Projects/BuildingEscape_03/Content/StarterContent/Materials/M_Rock_Basalt.uasset"
[2017.05.18-23.44.06:494][  0]LogPackFactory: Copied "../../../Samples/StarterContent/Content/StarterContent/Materials/M_Rock_Marble_Polished.uasset" to "../../../../../../Users/Jacobus/Desktop/Unreal Projects/BuildingEscape_03/Content/StarterContent/Materials/M_Rock_Marble_Polished.uasset"
[2017.05.18-23.44.06:530][  0]LogPackFactory: Copied "../../../Samples/StarterContent/Content/StarterContent/Materials/M_Rock_Sandstone.uasset" to "../../../../../../Users/Jacobus/Desktop/Unreal Projects/BuildingEscape_03/Content/StarterContent/Materials/M_Rock_Sandstone.uasset"
[2017.05.18-23.44.06:567][  0]LogPackFactory: Copied "../../../Samples/StarterContent/Content/StarterContent/Materials/M_Rock_Slate.uasset" to "../../../../../../Users/Jacobus/Desktop/Unreal Projects/BuildingEscape_03/Content/StarterContent/Materials/M_Rock_Slate.uasset"
[2017.05.18-23.44.06:601][  0]LogPackFactory: Copied "../../../Samples/StarterContent/Content/StarterContent/Materials/M_Tech_Checker_Dot.uasset" to "../../../../../../Users/Jacobus/Desktop/Unreal Projects/BuildingEscape_03/Content/StarterContent/Materials/M_Tech_Checker_Dot.uasset"
[2017.05.18-23.44.06:635][  0]LogPackFactory: Copied "../../../Samples/StarterContent/Content/StarterContent/Materials/M_Tech_Hex_Tile.uasset" to "../../../../../../Users/Jacobus/Desktop/Unreal Projects/BuildingEscape_03/Content/StarterContent/Materials/M_Tech_Hex_Tile.uasset"
[2017.05.18-23.44.06:654][  0]LogPackFactory: Copied "../../../Samples/StarterContent/Content/StarterContent/Materials/M_Tech_Hex_Tile_Pulse.uasset" to "../../../../../../Users/Jacobus/Desktop/Unreal Projects/BuildingEscape_03/Content/StarterContent/Materials/M_Tech_Hex_Tile_Pulse.uasset"
[2017.05.18-23.44.06:961][  0]LogPackFactory: Copied "../../../Samples/StarterContent/Content/StarterContent/Materials/M_Tech_Panel.uasset" to "../../../../../../Users/Jacobus/Desktop/Unreal Projects/BuildingEscape_03/Content/StarterContent/Materials/M_Tech_Panel.uasset"
[2017.05.18-23.44.06:986][  0]LogPackFactory: Copied "../../../Samples/StarterContent/Content/StarterContent/Materials/M_Water_Lake.uasset" to "../../../../../../Users/Jacobus/Desktop/Unreal Projects/BuildingEscape_03/Content/StarterContent/Materials/M_Water_Lake.uasset"
[2017.05.18-23.44.07:017][  0]LogPackFactory: Copied "../../../Samples/StarterContent/Content/StarterContent/Materials/M_Water_Ocean.uasset" to "../../../../../../Users/Jacobus/Desktop/Unreal Projects/BuildingEscape_03/Content/StarterContent/Materials/M_Water_Ocean.uasset"
[2017.05.18-23.44.07:050][  0]LogPackFactory: Copied "../../../Samples/StarterContent/Content/StarterContent/Materials/M_Wood_Floor_Walnut_Polished.uasset" to "../../../../../../Users/Jacobus/Desktop/Unreal Projects/BuildingEscape_03/Content/StarterContent/Materials/M_Wood_Floor_Walnut_Polished.uasset"
[2017.05.18-23.44.07:104][  0]LogPackFactory: Copied "../../../Samples/StarterContent/Content/StarterContent/Materials/M_Wood_Floor_Walnut_Worn.uasset" to "../../../../../../Users/Jacobus/Desktop/Unreal Projects/BuildingEscape_03/Content/StarterContent/Materials/M_Wood_Floor_Walnut_Worn.uasset"
[2017.05.18-23.44.07:169][  0]LogPackFactory: Copied "../../../Samples/StarterContent/Content/StarterContent/Materials/M_Wood_Oak.uasset" to "../../../../../../Users/Jacobus/Desktop/Unreal Projects/BuildingEscape_03/Content/StarterContent/Materials/M_Wood_Oak.uasset"
[2017.05.18-23.44.07:213][  0]LogPackFactory: Copied "../../../Samples/StarterContent/Content/StarterContent/Materials/M_Wood_Pine.uasset" to "../../../../../../Users/Jacobus/Desktop/Unreal Projects/BuildingEscape_03/Content/StarterContent/Materials/M_Wood_Pine.uasset"
[2017.05.18-23.44.07:245][  0]LogPackFactory: Copied "../../../Samples/StarterContent/Content/StarterContent/Materials/M_Wood_Walnut.uasset" to "../../../../../../Users/Jacobus/Desktop/Unreal Projects/BuildingEscape_03/Content/StarterContent/Materials/M_Wood_Walnut.uasset"
[2017.05.18-23.44.07:356][  0]LogPackFactory: Copied "../../../Samples/StarterContent/Content/StarterContent/Particles/P_Ambient_Dust.uasset" to "../../../../../../Users/Jacobus/Desktop/Unreal Projects/BuildingEscape_03/Content/StarterContent/Particles/P_Ambient_Dust.uasset"
[2017.05.18-23.44.07:556][  0]LogPackFactory: Copied "../../../Samples/StarterContent/Content/StarterContent/Particles/P_Explosion.uasset" to "../../../../../../Users/Jacobus/Desktop/Unreal Projects/BuildingEscape_03/Content/StarterContent/Particles/P_Explosion.uasset"
[2017.05.18-23.44.07:594][  0]LogPackFactory: Copied "../../../Samples/StarterContent/Content/StarterContent/Particles/P_Fire.uasset" to "../../../../../../Users/Jacobus/Desktop/Unreal Projects/BuildingEscape_03/Content/StarterContent/Particles/P_Fire.uasset"
[2017.05.18-23.44.07:620][  0]LogPackFactory: Copied "../../../Samples/StarterContent/Content/StarterContent/Particles/P_Smoke.uasset" to "../../../../../../Users/Jacobus/Desktop/Unreal Projects/BuildingEscape_03/Content/StarterContent/Particles/P_Smoke.uasset"
[2017.05.18-23.44.07:801][  0]LogPackFactory: Copied "../../../Samples/StarterContent/Content/StarterContent/Particles/P_Sparks.uasset" to "../../../../../../Users/Jacobus/Desktop/Unreal Projects/BuildingEscape_03/Content/StarterContent/Particles/P_Sparks.uasset"
[2017.05.18-23.44.07:883][  0]LogPackFactory: Copied "../../../Samples/StarterContent/Content/StarterContent/Particles/P_Steam_Lit.uasset" to "../../../../../../Users/Jacobus/Desktop/Unreal Projects/BuildingEscape_03/Content/StarterContent/Particles/P_Steam_Lit.uasset"
[2017.05.18-23.44.08:187][  0]LogPackFactory: Copied "../../../Samples/StarterContent/Content/StarterContent/Particles/Materials/M_Burst.uasset" to "../../../../../../Users/Jacobus/Desktop/Unreal Projects/BuildingEscape_03/Content/StarterContent/Particles/Materials/M_Burst.uasset"
[2017.05.18-23.44.08:207][  0]LogPackFactory: Copied "../../../Samples/StarterContent/Content/StarterContent/Particles/Materials/M_Dust_Particle.uasset" to "../../../../../../Users/Jacobus/Desktop/Unreal Projects/BuildingEscape_03/Content/StarterContent/Particles/Materials/M_Dust_Particle.uasset"
[2017.05.18-23.44.08:240][  0]LogPackFactory: Copied "../../../Samples/StarterContent/Content/StarterContent/Particles/Materials/M_explosion_subUV.uasset" to "../../../../../../Users/Jacobus/Desktop/Unreal Projects/BuildingEscape_03/Content/StarterContent/Particles/Materials/M_explosion_subUV.uasset"
[2017.05.18-23.44.08:460][  0]LogPackFactory: Copied "../../../Samples/StarterContent/Content/StarterContent/Particles/Materials/M_Fire_SubUV.uasset" to "../../../../../../Users/Jacobus/Desktop/Unreal Projects/BuildingEscape_03/Content/StarterContent/Particles/Materials/M_Fire_SubUV.uasset"
[2017.05.18-23.44.08:482][  0]LogPackFactory: Copied "../../../Samples/StarterContent/Content/StarterContent/Particles/Materials/m_flare_01.uasset" to "../../../../../../Users/Jacobus/Desktop/Unreal Projects/BuildingEscape_03/Content/StarterContent/Particles/Materials/m_flare_01.uasset"
[2017.05.18-23.44.08:496][  0]LogPackFactory: Copied "../../../Samples/StarterContent/Content/StarterContent/Particles/Materials/M_Heat_Distortion.uasset" to "../../../../../../Users/Jacobus/Desktop/Unreal Projects/BuildingEscape_03/Content/StarterContent/Particles/Materials/M_Heat_Distortion.uasset"
[2017.05.18-23.44.08:598][  0]LogPackFactory: Copied "../../../Samples/StarterContent/Content/StarterContent/Particles/Materials/M_Radial_Gradient.uasset" to "../../../../../../Users/Jacobus/Desktop/Unreal Projects/BuildingEscape_03/Content/StarterContent/Particles/Materials/M_Radial_Gradient.uasset"
[2017.05.18-23.44.08:681][  0]LogPackFactory: Copied "../../../Samples/StarterContent/Content/StarterContent/Particles/Materials/M_radial_ramp.uasset" to "../../../../../../Users/Jacobus/Desktop/Unreal Projects/BuildingEscape_03/Content/StarterContent/Particles/Materials/M_radial_ramp.uasset"
[2017.05.18-23.44.08:732][  0]LogPackFactory: Copied "../../../Samples/StarterContent/Content/StarterContent/Particles/Materials/M_smoke_subUV.uasset" to "../../../../../../Users/Jacobus/Desktop/Unreal Projects/BuildingEscape_03/Content/StarterContent/Particles/Materials/M_smoke_subUV.uasset"
[2017.05.18-23.44.08:762][  0]LogPackFactory: Copied "../../../Samples/StarterContent/Content/StarterContent/Particles/Materials/M_Spark.uasset" to "../../../../../../Users/Jacobus/Desktop/Unreal Projects/BuildingEscape_03/Content/StarterContent/Particles/Materials/M_Spark.uasset"
[2017.05.18-23.44.08:792][  0]LogPackFactory: Copied "../../../Samples/StarterContent/Content/StarterContent/Props/MaterialSphere.uasset" to "../../../../../../Users/Jacobus/Desktop/Unreal Projects/BuildingEscape_03/Content/StarterContent/Props/MaterialSphere.uasset"
[2017.05.18-23.44.08:824][  0]LogPackFactory: Copied "../../../Samples/StarterContent/Content/StarterContent/Props/SM_Bush.uasset" to "../../../../../../Users/Jacobus/Desktop/Unreal Projects/BuildingEscape_03/Content/StarterContent/Props/SM_Bush.uasset"
[2017.05.18-23.44.08:887][  0]LogPackFactory: Copied "../../../Samples/StarterContent/Content/StarterContent/Props/SM_Chair.uasset" to "../../../../../../Users/Jacobus/Desktop/Unreal Projects/BuildingEscape_03/Content/StarterContent/Props/SM_Chair.uasset"
[2017.05.18-23.44.08:999][  0]LogPackFactory: Copied "../../../Samples/StarterContent/Content/StarterContent/Props/SM_CornerFrame.uasset" to "../../../../../../Users/Jacobus/Desktop/Unreal Projects/BuildingEscape_03/Content/StarterContent/Props/SM_CornerFrame.uasset"
[2017.05.18-23.44.09:087][  0]LogPackFactory: Copied "../../../Samples/StarterContent/Content/StarterContent/Props/SM_Couch.uasset" to "../../../../../../Users/Jacobus/Desktop/Unreal Projects/BuildingEscape_03/Content/StarterContent/Props/SM_Couch.uasset"
[2017.05.18-23.44.09:116][  0]LogPackFactory: Copied "../../../Samples/StarterContent/Content/StarterContent/Props/SM_Door.uasset" to "../../../../../../Users/Jacobus/Desktop/Unreal Projects/BuildingEscape_03/Content/StarterContent/Props/SM_Door.uasset"
[2017.05.18-23.44.09:154][  0]LogPackFactory: Copied "../../../Samples/StarterContent/Content/StarterContent/Props/SM_DoorFrame.uasset" to "../../../../../../Users/Jacobus/Desktop/Unreal Projects/BuildingEscape_03/Content/StarterContent/Props/SM_DoorFrame.uasset"
[2017.05.18-23.44.09:182][  0]LogPackFactory: Copied "../../../Samples/StarterContent/Content/StarterContent/Props/SM_GlassWindow.uasset" to "../../../../../../Users/Jacobus/Desktop/Unreal Projects/BuildingEscape_03/Content/StarterContent/Props/SM_GlassWindow.uasset"
[2017.05.18-23.44.09:326][  0]LogPackFactory: Copied "../../../Samples/StarterContent/Content/StarterContent/Props/SM_Lamp_Ceiling.uasset" to "../../../../../../Users/Jacobus/Desktop/Unreal Projects/BuildingEscape_03/Content/StarterContent/Props/SM_Lamp_Ceiling.uasset"
[2017.05.18-23.44.09:399][  0]LogPackFactory: Copied "../../../Samples/StarterContent/Content/StarterContent/Props/SM_Lamp_Wall.uasset" to "../../../../../../Users/Jacobus/Desktop/Unreal Projects/BuildingEscape_03/Content/StarterContent/Props/SM_Lamp_Wall.uasset"
[2017.05.18-23.44.09:443][  0]LogPackFactory: Copied "../../../Samples/StarterContent/Content/StarterContent/Props/SM_MatPreviewMesh_02.uasset" to "../../../../../../Users/Jacobus/Desktop/Unreal Projects/BuildingEscape_03/Content/StarterContent/Props/SM_MatPreviewMesh_02.uasset"
[2017.05.18-23.44.09:536][  0]LogPackFactory: Copied "../../../Samples/StarterContent/Content/StarterContent/Props/SM_PillarFrame.uasset" to "../../../../../../Users/Jacobus/Desktop/Unreal Projects/BuildingEscape_03/Content/StarterContent/Props/SM_PillarFrame.uasset"
[2017.05.18-23.44.09:583][  0]LogPackFactory: Copied "../../../Samples/StarterContent/Content/StarterContent/Props/SM_PillarFrame300.uasset" to "../../../../../../Users/Jacobus/Desktop/Unreal Projects/BuildingEscape_03/Content/StarterContent/Props/SM_PillarFrame300.uasset"
[2017.05.18-23.44.09:600][  0]LogPackFactory: Copied "../../../Samples/StarterContent/Content/StarterContent/Props/SM_Rock.uasset" to "../../../../../../Users/Jacobus/Desktop/Unreal Projects/BuildingEscape_03/Content/StarterContent/Props/SM_Rock.uasset"
[2017.05.18-23.44.09:617][  0]LogPackFactory: Copied "../../../Samples/StarterContent/Content/StarterContent/Props/SM_Shelf.uasset" to "../../../../../../Users/Jacobus/Desktop/Unreal Projects/BuildingEscape_03/Content/StarterContent/Props/SM_Shelf.uasset"
[2017.05.18-23.44.09:634][  0]LogPackFactory: Copied "../../../Samples/StarterContent/Content/StarterContent/Props/SM_Stairs.uasset" to "../../../../../../Users/Jacobus/Desktop/Unreal Projects/BuildingEscape_03/Content/StarterContent/Props/SM_Stairs.uasset"
[2017.05.18-23.44.09:757][  0]LogPackFactory: Copied "../../../Samples/StarterContent/Content/StarterContent/Props/SM_Statue.uasset" to "../../../../../../Users/Jacobus/Desktop/Unreal Projects/BuildingEscape_03/Content/StarterContent/Props/SM_Statue.uasset"
[2017.05.18-23.44.09:807][  0]LogPackFactory: Copied "../../../Samples/StarterContent/Content/StarterContent/Props/SM_TableRound.uasset" to "../../../../../../Users/Jacobus/Desktop/Unreal Projects/BuildingEscape_03/Content/StarterContent/Props/SM_TableRound.uasset"
[2017.05.18-23.44.09:867][  0]LogPackFactory: Copied "../../../Samples/StarterContent/Content/StarterContent/Props/SM_WindowFrame.uasset" to "../../../../../../Users/Jacobus/Desktop/Unreal Projects/BuildingEscape_03/Content/StarterContent/Props/SM_WindowFrame.uasset"
[2017.05.18-23.44.09:932][  0]LogPackFactory: Copied "../../../Samples/StarterContent/Content/StarterContent/Props/Materials/M_Bush.uasset" to "../../../../../../Users/Jacobus/Desktop/Unreal Projects/BuildingEscape_03/Content/StarterContent/Props/Materials/M_Bush.uasset"
[2017.05.18-23.44.09:979][  0]LogPackFactory: Copied "../../../Samples/StarterContent/Content/StarterContent/Props/Materials/M_Chair.uasset" to "../../../../../../Users/Jacobus/Desktop/Unreal Projects/BuildingEscape_03/Content/StarterContent/Props/Materials/M_Chair.uasset"
[2017.05.18-23.44.09:997][  0]LogPackFactory: Copied "../../../Samples/StarterContent/Content/StarterContent/Props/Materials/M_Door.uasset" to "../../../../../../Users/Jacobus/Desktop/Unreal Projects/BuildingEscape_03/Content/StarterContent/Props/Materials/M_Door.uasset"
[2017.05.18-23.44.10:053][  0]LogPackFactory: Copied "../../../Samples/StarterContent/Content/StarterContent/Props/Materials/M_Frame.uasset" to "../../../../../../Users/Jacobus/Desktop/Unreal Projects/BuildingEscape_03/Content/StarterContent/Props/Materials/M_Frame.uasset"
[2017.05.18-23.44.10:236][  0]LogPackFactory: Copied "../../../Samples/StarterContent/Content/StarterContent/Props/Materials/M_Lamp.uasset" to "../../../../../../Users/Jacobus/Desktop/Unreal Projects/BuildingEscape_03/Content/StarterContent/Props/Materials/M_Lamp.uasset"
[2017.05.18-23.44.10:322][  0]LogPackFactory: Copied "../../../Samples/StarterContent/Content/StarterContent/Props/Materials/M_MaterialSphere.uasset" to "../../../../../../Users/Jacobus/Desktop/Unreal Projects/BuildingEscape_03/Content/StarterContent/Props/Materials/M_MaterialSphere.uasset"
[2017.05.18-23.44.10:376][  0]LogPackFactory: Copied "../../../Samples/StarterContent/Content/StarterContent/Props/Materials/M_MaterialSphere_Plain.uasset" to "../../../../../../Users/Jacobus/Desktop/Unreal Projects/BuildingEscape_03/Content/StarterContent/Props/Materials/M_MaterialSphere_Plain.uasset"
[2017.05.18-23.44.10:394][  0]LogPackFactory: Copied "../../../Samples/StarterContent/Content/StarterContent/Props/Materials/M_Rock.uasset" to "../../../../../../Users/Jacobus/Desktop/Unreal Projects/BuildingEscape_03/Content/StarterContent/Props/Materials/M_Rock.uasset"
[2017.05.18-23.44.10:422][  0]LogPackFactory: Copied "../../../Samples/StarterContent/Content/StarterContent/Props/Materials/M_Shelf.uasset" to "../../../../../../Users/Jacobus/Desktop/Unreal Projects/BuildingEscape_03/Content/StarterContent/Props/Materials/M_Shelf.uasset"
[2017.05.18-23.44.10:519][  0]LogPackFactory: Copied "../../../Samples/StarterContent/Content/StarterContent/Props/Materials/M_Statue.uasset" to "../../../../../../Users/Jacobus/Desktop/Unreal Projects/BuildingEscape_03/Content/StarterContent/Props/Materials/M_Statue.uasset"
[2017.05.18-23.44.10:553][  0]LogPackFactory: Copied "../../../Samples/StarterContent/Content/StarterContent/Props/Materials/M_StatueGlass.uasset" to "../../../../../../Users/Jacobus/Desktop/Unreal Projects/BuildingEscape_03/Content/StarterContent/Props/Materials/M_StatueGlass.uasset"
[2017.05.18-23.44.10:593][  0]LogPackFactory: Copied "../../../Samples/StarterContent/Content/StarterContent/Props/Materials/M_TableRound.uasset" to "../../../../../../Users/Jacobus/Desktop/Unreal Projects/BuildingEscape_03/Content/StarterContent/Props/Materials/M_TableRound.uasset"
[2017.05.18-23.44.10:655][  0]LogPackFactory: Copied "../../../Samples/StarterContent/Content/StarterContent/Shapes/Shape_Cone.uasset" to "../../../../../../Users/Jacobus/Desktop/Unreal Projects/BuildingEscape_03/Content/StarterContent/Shapes/Shape_Cone.uasset"
[2017.05.18-23.44.10:682][  0]LogPackFactory: Copied "../../../Samples/StarterContent/Content/StarterContent/Shapes/Shape_Cube.uasset" to "../../../../../../Users/Jacobus/Desktop/Unreal Projects/BuildingEscape_03/Content/StarterContent/Shapes/Shape_Cube.uasset"
[2017.05.18-23.44.10:696][  0]LogPackFactory: Copied "../../../Samples/StarterContent/Content/StarterContent/Shapes/Shape_Cylinder.uasset" to "../../../../../../Users/Jacobus/Desktop/Unreal Projects/BuildingEscape_03/Content/StarterContent/Shapes/Shape_Cylinder.uasset"
[2017.05.18-23.44.10:741][  0]LogPackFactory: Copied "../../../Samples/StarterContent/Content/StarterContent/Shapes/Shape_NarrowCapsule.uasset" to "../../../../../../Users/Jacobus/Desktop/Unreal Projects/BuildingEscape_03/Content/StarterContent/Shapes/Shape_NarrowCapsule.uasset"
[2017.05.18-23.44.10:777][  0]LogPackFactory: Copied "../../../Samples/StarterContent/Content/StarterContent/Shapes/Shape_Pipe.uasset" to "../../../../../../Users/Jacobus/Desktop/Unreal Projects/BuildingEscape_03/Content/StarterContent/Shapes/Shape_Pipe.uasset"
[2017.05.18-23.44.10:803][  0]LogPackFactory: Copied "../../../Samples/StarterContent/Content/StarterContent/Shapes/Shape_Pipe_180.uasset" to "../../../../../../Users/Jacobus/Desktop/Unreal Projects/BuildingEscape_03/Content/StarterContent/Shapes/Shape_Pipe_180.uasset"
[2017.05.18-23.44.10:835][  0]LogPackFactory: Copied "../../../Samples/StarterContent/Content/StarterContent/Shapes/Shape_Pipe_90.uasset" to "../../../../../../Users/Jacobus/Desktop/Unreal Projects/BuildingEscape_03/Content/StarterContent/Shapes/Shape_Pipe_90.uasset"
[2017.05.18-23.44.10:849][  0]LogPackFactory: Copied "../../../Samples/StarterContent/Content/StarterContent/Shapes/Shape_Plane.uasset" to "../../../../../../Users/Jacobus/Desktop/Unreal Projects/BuildingEscape_03/Content/StarterContent/Shapes/Shape_Plane.uasset"
[2017.05.18-23.44.10:881][  0]LogPackFactory: Copied "../../../Samples/StarterContent/Content/StarterContent/Shapes/Shape_QuadPyramid.uasset" to "../../../../../../Users/Jacobus/Desktop/Unreal Projects/BuildingEscape_03/Content/StarterContent/Shapes/Shape_QuadPyramid.uasset"
[2017.05.18-23.44.11:019][  0]LogPackFactory: Copied "../../../Samples/StarterContent/Content/StarterContent/Shapes/Shape_Sphere.uasset" to "../../../../../../Users/Jacobus/Desktop/Unreal Projects/BuildingEscape_03/Content/StarterContent/Shapes/Shape_Sphere.uasset"
[2017.05.18-23.44.11:143][  0]LogPackFactory: Copied "../../../Samples/StarterContent/Content/StarterContent/Shapes/Shape_Torus.uasset" to "../../../../../../Users/Jacobus/Desktop/Unreal Projects/BuildingEscape_03/Content/StarterContent/Shapes/Shape_Torus.uasset"
[2017.05.18-23.44.11:200][  0]LogPackFactory: Copied "../../../Samples/StarterContent/Content/StarterContent/Shapes/Shape_Trim.uasset" to "../../../../../../Users/Jacobus/Desktop/Unreal Projects/BuildingEscape_03/Content/StarterContent/Shapes/Shape_Trim.uasset"
[2017.05.18-23.44.11:352][  0]LogPackFactory: Copied "../../../Samples/StarterContent/Content/StarterContent/Shapes/Shape_Trim_90_In.uasset" to "../../../../../../Users/Jacobus/Desktop/Unreal Projects/BuildingEscape_03/Content/StarterContent/Shapes/Shape_Trim_90_In.uasset"
[2017.05.18-23.44.11:456][  0]LogPackFactory: Copied "../../../Samples/StarterContent/Content/StarterContent/Shapes/Shape_Trim_90_Out.uasset" to "../../../../../../Users/Jacobus/Desktop/Unreal Projects/BuildingEscape_03/Content/StarterContent/Shapes/Shape_Trim_90_Out.uasset"
[2017.05.18-23.44.11:533][  0]LogPackFactory: Copied "../../../Samples/StarterContent/Content/StarterContent/Shapes/Shape_TriPyramid.uasset" to "../../../../../../Users/Jacobus/Desktop/Unreal Projects/BuildingEscape_03/Content/StarterContent/Shapes/Shape_TriPyramid.uasset"
[2017.05.18-23.44.11:571][  0]LogPackFactory: Copied "../../../Samples/StarterContent/Content/StarterContent/Shapes/Shape_Tube.uasset" to "../../../../../../Users/Jacobus/Desktop/Unreal Projects/BuildingEscape_03/Content/StarterContent/Shapes/Shape_Tube.uasset"
[2017.05.18-23.44.12:062][  0]LogPackFactory: Copied "../../../Samples/StarterContent/Content/StarterContent/Shapes/Shape_Wedge_A.uasset" to "../../../../../../Users/Jacobus/Desktop/Unreal Projects/BuildingEscape_03/Content/StarterContent/Shapes/Shape_Wedge_A.uasset"
[2017.05.18-23.44.12:087][  0]LogPackFactory: Copied "../../../Samples/StarterContent/Content/StarterContent/Shapes/Shape_Wedge_B.uasset" to "../../../../../../Users/Jacobus/Desktop/Unreal Projects/BuildingEscape_03/Content/StarterContent/Shapes/Shape_Wedge_B.uasset"
[2017.05.18-23.44.12:106][  0]LogPackFactory: Copied "../../../Samples/StarterContent/Content/StarterContent/Shapes/Shape_WideCapsule.uasset" to "../../../../../../Users/Jacobus/Desktop/Unreal Projects/BuildingEscape_03/Content/StarterContent/Shapes/Shape_WideCapsule.uasset"
[2017.05.18-23.44.12:275][  0]LogPackFactory: Copied "../../../Samples/StarterContent/Content/StarterContent/Textures/T_Brick_Clay_Beveled_D.uasset" to "../../../../../../Users/Jacobus/Desktop/Unreal Projects/BuildingEscape_03/Content/StarterContent/Textures/T_Brick_Clay_Beveled_D.uasset"
[2017.05.18-23.44.12:378][  0]LogPackFactory: Copied "../../../Samples/StarterContent/Content/StarterContent/Textures/T_Brick_Clay_Beveled_M.uasset" to "../../../../../../Users/Jacobus/Desktop/Unreal Projects/BuildingEscape_03/Content/StarterContent/Textures/T_Brick_Clay_Beveled_M.uasset"
[2017.05.18-23.44.12:448][  0]LogPackFactory: Copied "../../../Samples/StarterContent/Content/StarterContent/Textures/T_Brick_Clay_Beveled_N.uasset" to "../../../../../../Users/Jacobus/Desktop/Unreal Projects/BuildingEscape_03/Content/StarterContent/Textures/T_Brick_Clay_Beveled_N.uasset"
[2017.05.18-23.44.12:513][  0]LogPackFactory: Copied "../../../Samples/StarterContent/Content/StarterContent/Textures/T_Brick_Clay_New_D.uasset" to "../../../../../../Users/Jacobus/Desktop/Unreal Projects/BuildingEscape_03/Content/StarterContent/Textures/T_Brick_Clay_New_D.uasset"
[2017.05.18-23.44.12:622][  0]LogPackFactory: Copied "../../../Samples/StarterContent/Content/StarterContent/Textures/T_Brick_Clay_New_M.uasset" to "../../../../../../Users/Jacobus/Desktop/Unreal Projects/BuildingEscape_03/Content/StarterContent/Textures/T_Brick_Clay_New_M.uasset"
[2017.05.18-23.44.12:687][  0]LogPackFactory: Copied "../../../Samples/StarterContent/Content/StarterContent/Textures/T_Brick_Clay_New_N.uasset" to "../../../../../../Users/Jacobus/Desktop/Unreal Projects/BuildingEscape_03/Content/StarterContent/Textures/T_Brick_Clay_New_N.uasset"
[2017.05.18-23.44.12:781][  0]LogPackFactory: Copied "../../../Samples/StarterContent/Content/StarterContent/Textures/T_Brick_Clay_Old_D.uasset" to "../../../../../../Users/Jacobus/Desktop/Unreal Projects/BuildingEscape_03/Content/StarterContent/Textures/T_Brick_Clay_Old_D.uasset"
[2017.05.18-23.44.12:875][  0]LogPackFactory: Copied "../../../Samples/StarterContent/Content/StarterContent/Textures/T_Brick_Clay_Old_N.uasset" to "../../../../../../Users/Jacobus/Desktop/Unreal Projects/BuildingEscape_03/Content/StarterContent/Textures/T_Brick_Clay_Old_N.uasset"
[2017.05.18-23.44.13:221][  0]LogPackFactory: Copied "../../../Samples/StarterContent/Content/StarterContent/Textures/T_Brick_Cut_Stone_D.uasset" to "../../../../../../Users/Jacobus/Desktop/Unreal Projects/BuildingEscape_03/Content/StarterContent/Textures/T_Brick_Cut_Stone_D.uasset"
[2017.05.18-23.44.13:291][  0]LogPackFactory: Copied "../../../Samples/StarterContent/Content/StarterContent/Textures/T_Brick_Cut_Stone_N.uasset" to "../../../../../../Users/Jacobus/Desktop/Unreal Projects/BuildingEscape_03/Content/StarterContent/Textures/T_Brick_Cut_Stone_N.uasset"
[2017.05.18-23.44.13:358][  0]LogPackFactory: Copied "../../../Samples/StarterContent/Content/StarterContent/Textures/T_Brick_Hewn_Stone_D.uasset" to "../../../../../../Users/Jacobus/Desktop/Unreal Projects/BuildingEscape_03/Content/StarterContent/Textures/T_Brick_Hewn_Stone_D.uasset"
[2017.05.18-23.44.13:436][  0]LogPackFactory: Copied "../../../Samples/StarterContent/Content/StarterContent/Textures/T_Brick_Hewn_Stone_M.uasset" to "../../../../../../Users/Jacobus/Desktop/Unreal Projects/BuildingEscape_03/Content/StarterContent/Textures/T_Brick_Hewn_Stone_M.uasset"
[2017.05.18-23.44.13:580][  0]LogPackFactory: Copied "../../../Samples/StarterContent/Content/StarterContent/Textures/T_Brick_Hewn_Stone_N.uasset" to "../../../../../../Users/Jacobus/Desktop/Unreal Projects/BuildingEscape_03/Content/StarterContent/Textures/T_Brick_Hewn_Stone_N.uasset"
[2017.05.18-23.44.13:752][  0]LogPackFactory: Copied "../../../Samples/StarterContent/Content/StarterContent/Textures/T_Burst_M.uasset" to "../../../../../../Users/Jacobus/Desktop/Unreal Projects/BuildingEscape_03/Content/StarterContent/Textures/T_Burst_M.uasset"
[2017.05.18-23.44.13:837][  0]LogPackFactory: Copied "../../../Samples/StarterContent/Content/StarterContent/Textures/T_Bush_D.uasset" to "../../../../../../Users/Jacobus/Desktop/Unreal Projects/BuildingEscape_03/Content/StarterContent/Textures/T_Bush_D.uasset"
[2017.05.18-23.44.13:864][  0]LogPackFactory: Copied "../../../Samples/StarterContent/Content/StarterContent/Textures/T_Bush_N.uasset" to "../../../../../../Users/Jacobus/Desktop/Unreal Projects/BuildingEscape_03/Content/StarterContent/Textures/T_Bush_N.uasset"
[2017.05.18-23.44.14:183][  0]LogPackFactory: Copied "../../../Samples/StarterContent/Content/StarterContent/Textures/T_Ceramic_Tile_M.uasset" to "../../../../../../Users/Jacobus/Desktop/Unreal Projects/BuildingEscape_03/Content/StarterContent/Textures/T_Ceramic_Tile_M.uasset"
[2017.05.18-23.44.14:237][  0]LogPackFactory: Copied "../../../Samples/StarterContent/Content/StarterContent/Textures/T_Ceramic_Tile_N.uasset" to "../../../../../../Users/Jacobus/Desktop/Unreal Projects/BuildingEscape_03/Content/StarterContent/Textures/T_Ceramic_Tile_N.uasset"
[2017.05.18-23.44.14:855][  0]LogPackFactory: Copied "../../../Samples/StarterContent/Content/StarterContent/Textures/T_Chair_M.uasset" to "../../../../../../Users/Jacobus/Desktop/Unreal Projects/BuildingEscape_03/Content/StarterContent/Textures/T_Chair_M.uasset"
[2017.05.18-23.44.14:978][  0]LogPackFactory: Copied "../../../Samples/StarterContent/Content/StarterContent/Textures/T_Chair_N.uasset" to "../../../../../../Users/Jacobus/Desktop/Unreal Projects/BuildingEscape_03/Content/StarterContent/Textures/T_Chair_N.uasset"
[2017.05.18-23.44.15:110][  0]LogPackFactory: Copied "../../../Samples/StarterContent/Content/StarterContent/Textures/T_Checker_Noise_M.uasset" to "../../../../../../Users/Jacobus/Desktop/Unreal Projects/BuildingEscape_03/Content/StarterContent/Textures/T_Checker_Noise_M.uasset"
[2017.05.18-23.44.15:245][  0]LogPackFactory: Copied "../../../Samples/StarterContent/Content/StarterContent/Textures/T_CobbleStone_Pebble_D.uasset" to "../../../../../../Users/Jacobus/Desktop/Unreal Projects/BuildingEscape_03/Content/StarterContent/Textures/T_CobbleStone_Pebble_D.uasset"
[2017.05.18-23.44.15:394][  0]LogPackFactory: Copied "../../../Samples/StarterContent/Content/StarterContent/Textures/T_CobbleStone_Pebble_M.uasset" to "../../../../../../Users/Jacobus/Desktop/Unreal Projects/BuildingEscape_03/Content/StarterContent/Textures/T_CobbleStone_Pebble_M.uasset"
[2017.05.18-23.44.15:520][  0]LogPackFactory: Copied "../../../Samples/StarterContent/Content/StarterContent/Textures/T_CobbleStone_Pebble_N.uasset" to "../../../../../../Users/Jacobus/Desktop/Unreal Projects/BuildingEscape_03/Content/StarterContent/Textures/T_CobbleStone_Pebble_N.uasset"
[2017.05.18-23.44.15:651][  0]LogPackFactory: Copied "../../../Samples/StarterContent/Content/StarterContent/Textures/T_CobbleStone_Rough_D.uasset" to "../../../../../../Users/Jacobus/Desktop/Unreal Projects/BuildingEscape_03/Content/StarterContent/Textures/T_CobbleStone_Rough_D.uasset"
[2017.05.18-23.44.15:690][  0]LogPackFactory: Copied "../../../Samples/StarterContent/Content/StarterContent/Textures/T_CobbleStone_Rough_N.uasset" to "../../../../../../Users/Jacobus/Desktop/Unreal Projects/BuildingEscape_03/Content/StarterContent/Textures/T_CobbleStone_Rough_N.uasset"
[2017.05.18-23.44.15:747][  0]LogPackFactory: Copied "../../../Samples/StarterContent/Content/StarterContent/Textures/T_CobbleStone_Smooth_D.uasset" to "../../../../../../Users/Jacobus/Desktop/Unreal Projects/BuildingEscape_03/Content/StarterContent/Textures/T_CobbleStone_Smooth_D.uasset"
[2017.05.18-23.44.15:849][  0]LogPackFactory: Copied "../../../Samples/StarterContent/Content/StarterContent/Textures/T_CobbleStone_Smooth_M.uasset" to "../../../../../../Users/Jacobus/Desktop/Unreal Projects/BuildingEscape_03/Content/StarterContent/Textures/T_CobbleStone_Smooth_M.uasset"
[2017.05.18-23.44.16:232][  0]LogPackFactory: Copied "../../../Samples/StarterContent/Content/StarterContent/Textures/T_CobbleStone_Smooth_N.uasset" to "../../../../../../Users/Jacobus/Desktop/Unreal Projects/BuildingEscape_03/Content/StarterContent/Textures/T_CobbleStone_Smooth_N.uasset"
[2017.05.18-23.44.16:368][  0]LogPackFactory: Copied "../../../Samples/StarterContent/Content/StarterContent/Textures/T_Concrete_Grime_D.uasset" to "../../../../../../Users/Jacobus/Desktop/Unreal Projects/BuildingEscape_03/Content/StarterContent/Textures/T_Concrete_Grime_D.uasset"
[2017.05.18-23.44.16:446][  0]LogPackFactory: Copied "../../../Samples/StarterContent/Content/StarterContent/Textures/T_Concrete_Panels_D.uasset" to "../../../../../../Users/Jacobus/Desktop/Unreal Projects/BuildingEscape_03/Content/StarterContent/Textures/T_Concrete_Panels_D.uasset"
[2017.05.18-23.44.16:600][  0]LogPackFactory: Copied "../../../Samples/StarterContent/Content/StarterContent/Textures/T_Concrete_Panels_N.uasset" to "../../../../../../Users/Jacobus/Desktop/Unreal Projects/BuildingEscape_03/Content/StarterContent/Textures/T_Concrete_Panels_N.uasset"
[2017.05.18-23.44.16:968][  0]LogPackFactory: Copied "../../../Samples/StarterContent/Content/StarterContent/Textures/T_Concrete_Poured_D.uasset" to "../../../../../../Users/Jacobus/Desktop/Unreal Projects/BuildingEscape_03/Content/StarterContent/Textures/T_Concrete_Poured_D.uasset"
[2017.05.18-23.44.17:081][  0]LogPackFactory: Copied "../../../Samples/StarterContent/Content/StarterContent/Textures/T_Concrete_Poured_N.uasset" to "../../../../../../Users/Jacobus/Desktop/Unreal Projects/BuildingEscape_03/Content/StarterContent/Textures/T_Concrete_Poured_N.uasset"
[2017.05.18-23.44.17:252][  0]LogPackFactory: Copied "../../../Samples/StarterContent/Content/StarterContent/Textures/T_Concrete_Tiles_D.uasset" to "../../../../../../Users/Jacobus/Desktop/Unreal Projects/BuildingEscape_03/Content/StarterContent/Textures/T_Concrete_Tiles_D.uasset"
[2017.05.18-23.44.17:317][  0]LogPackFactory: Copied "../../../Samples/StarterContent/Content/StarterContent/Textures/T_Concrete_Tiles_M.uasset" to "../../../../../../Users/Jacobus/Desktop/Unreal Projects/BuildingEscape_03/Content/StarterContent/Textures/T_Concrete_Tiles_M.uasset"
[2017.05.18-23.44.17:632][  0]LogPackFactory: Copied "../../../Samples/StarterContent/Content/StarterContent/Textures/T_Concrete_Tiles_N.uasset" to "../../../../../../Users/Jacobus/Desktop/Unreal Projects/BuildingEscape_03/Content/StarterContent/Textures/T_Concrete_Tiles_N.uasset"
[2017.05.18-23.44.17:957][  0]LogPackFactory: Copied "../../../Samples/StarterContent/Content/StarterContent/Textures/T_Concrete_Tiles_Variation_M.uasset" to "../../../../../../Users/Jacobus/Desktop/Unreal Projects/BuildingEscape_03/Content/StarterContent/Textures/T_Concrete_Tiles_Variation_M.uasset"
[2017.05.18-23.44.18:036][  0]LogPackFactory: Copied "../../../Samples/StarterContent/Content/StarterContent/Textures/T_Detail_Rocky_N.uasset" to "../../../../../../Users/Jacobus/Desktop/Unreal Projects/BuildingEscape_03/Content/StarterContent/Textures/T_Detail_Rocky_N.uasset"
[2017.05.18-23.44.18:112][  0]LogPackFactory: Copied "../../../Samples/StarterContent/Content/StarterContent/Textures/T_Door_M.uasset" to "../../../../../../Users/Jacobus/Desktop/Unreal Projects/BuildingEscape_03/Content/StarterContent/Textures/T_Door_M.uasset"
[2017.05.18-23.44.18:414][  0]LogPackFactory: Copied "../../../Samples/StarterContent/Content/StarterContent/Textures/T_Door_N.uasset" to "../../../../../../Users/Jacobus/Desktop/Unreal Projects/BuildingEscape_03/Content/StarterContent/Textures/T_Door_N.uasset"
[2017.05.18-23.44.18:704][  0]LogPackFactory: Copied "../../../Samples/StarterContent/Content/StarterContent/Textures/T_Dust_Particle_D.uasset" to "../../../../../../Users/Jacobus/Desktop/Unreal Projects/BuildingEscape_03/Content/StarterContent/Textures/T_Dust_Particle_D.uasset"
[2017.05.18-23.44.18:740][  0]LogPackFactory: Copied "../../../Samples/StarterContent/Content/StarterContent/Textures/T_Explosion_SubUV.uasset" to "../../../../../../Users/Jacobus/Desktop/Unreal Projects/BuildingEscape_03/Content/StarterContent/Textures/T_Explosion_SubUV.uasset"
[2017.05.18-23.44.18:772][  0]LogPackFactory: Copied "../../../Samples/StarterContent/Content/StarterContent/Textures/T_Fire_SubUV.uasset" to "../../../../../../Users/Jacobus/Desktop/Unreal Projects/BuildingEscape_03/Content/StarterContent/Textures/T_Fire_SubUV.uasset"
[2017.05.18-23.44.18:937][  0]LogPackFactory: Copied "../../../Samples/StarterContent/Content/StarterContent/Textures/T_Fire_Tiled_D.uasset" to "../../../../../../Users/Jacobus/Desktop/Unreal Projects/BuildingEscape_03/Content/StarterContent/Textures/T_Fire_Tiled_D.uasset"
[2017.05.18-23.44.19:206][  0]LogPackFactory: Copied "../../../Samples/StarterContent/Content/StarterContent/Textures/T_Frame_M.uasset" to "../../../../../../Users/Jacobus/Desktop/Unreal Projects/BuildingEscape_03/Content/StarterContent/Textures/T_Frame_M.uasset"
[2017.05.18-23.44.19:295][  0]LogPackFactory: Copied "../../../Samples/StarterContent/Content/StarterContent/Textures/T_Frame_N.uasset" to "../../../../../../Users/Jacobus/Desktop/Unreal Projects/BuildingEscape_03/Content/StarterContent/Textures/T_Frame_N.uasset"
[2017.05.18-23.44.19:344][  0]LogPackFactory: Copied "../../../Samples/StarterContent/Content/StarterContent/Textures/T_Gradinet_01.uasset" to "../../../../../../Users/Jacobus/Desktop/Unreal Projects/BuildingEscape_03/Content/StarterContent/Textures/T_Gradinet_01.uasset"
[2017.05.18-23.44.19:648][  0]LogPackFactory: Copied "../../../Samples/StarterContent/Content/StarterContent/Textures/T_Ground_Grass_D.uasset" to "../../../../../../Users/Jacobus/Desktop/Unreal Projects/BuildingEscape_03/Content/StarterContent/Textures/T_Ground_Grass_D.uasset"
[2017.05.18-23.44.19:945][  0]LogPackFactory: Copied "../../../Samples/StarterContent/Content/StarterContent/Textures/T_Ground_Grass_N.uasset" to "../../../../../../Users/Jacobus/Desktop/Unreal Projects/BuildingEscape_03/Content/StarterContent/Textures/T_Ground_Grass_N.uasset"
[2017.05.18-23.44.20:033][  0]LogPackFactory: Copied "../../../Samples/StarterContent/Content/StarterContent/Textures/T_Ground_Gravel_D.uasset" to "../../../../../../Users/Jacobus/Desktop/Unreal Projects/BuildingEscape_03/Content/StarterContent/Textures/T_Ground_Gravel_D.uasset"
[2017.05.18-23.44.20:139][  0]LogPackFactory: Copied "../../../Samples/StarterContent/Content/StarterContent/Textures/T_Ground_Gravel_N.uasset" to "../../../../../../Users/Jacobus/Desktop/Unreal Projects/BuildingEscape_03/Content/StarterContent/Textures/T_Ground_Gravel_N.uasset"
[2017.05.18-23.44.20:438][  0]LogPackFactory: Copied "../../../Samples/StarterContent/Content/StarterContent/Textures/T_ground_Moss_D.uasset" to "../../../../../../Users/Jacobus/Desktop/Unreal Projects/BuildingEscape_03/Content/StarterContent/Textures/T_ground_Moss_D.uasset"
[2017.05.18-23.44.20:652][  0]LogPackFactory: Copied "../../../Samples/StarterContent/Content/StarterContent/Textures/T_Ground_Moss_N.uasset" to "../../../../../../Users/Jacobus/Desktop/Unreal Projects/BuildingEscape_03/Content/StarterContent/Textures/T_Ground_Moss_N.uasset"
[2017.05.18-23.44.20:876][  0]LogPackFactory: Copied "../../../Samples/StarterContent/Content/StarterContent/Textures/T_Lamp_M.uasset" to "../../../../../../Users/Jacobus/Desktop/Unreal Projects/BuildingEscape_03/Content/StarterContent/Textures/T_Lamp_M.uasset"
[2017.05.18-23.44.20:905][  0]LogPackFactory: Copied "../../../Samples/StarterContent/Content/StarterContent/Textures/T_Lamp_N.uasset" to "../../../../../../Users/Jacobus/Desktop/Unreal Projects/BuildingEscape_03/Content/StarterContent/Textures/T_Lamp_N.uasset"
[2017.05.18-23.44.21:372][  0]LogPackFactory: Copied "../../../Samples/StarterContent/Content/StarterContent/Textures/T_MacroVariation.uasset" to "../../../../../../Users/Jacobus/Desktop/Unreal Projects/BuildingEscape_03/Content/StarterContent/Textures/T_MacroVariation.uasset"
[2017.05.18-23.44.21:517][  0]LogPackFactory: Copied "../../../Samples/StarterContent/Content/StarterContent/Textures/T_Metal_Aluminum_D.uasset" to "../../../../../../Users/Jacobus/Desktop/Unreal Projects/BuildingEscape_03/Content/StarterContent/Textures/T_Metal_Aluminum_D.uasset"
[2017.05.18-23.44.21:604][  0]LogPackFactory: Copied "../../../Samples/StarterContent/Content/StarterContent/Textures/T_Metal_Copper_D.uasset" to "../../../../../../Users/Jacobus/Desktop/Unreal Projects/BuildingEscape_03/Content/StarterContent/Textures/T_Metal_Copper_D.uasset"
[2017.05.18-23.44.21:675][  0]LogPackFactory: Copied "../../../Samples/StarterContent/Content/StarterContent/Textures/T_Metal_Gold_D.uasset" to "../../../../../../Users/Jacobus/Desktop/Unreal Projects/BuildingEscape_03/Content/StarterContent/Textures/T_Metal_Gold_D.uasset"
[2017.05.18-23.44.22:198][  0]LogPackFactory: Copied "../../../Samples/StarterContent/Content/StarterContent/Textures/T_Metal_Gold_N.uasset" to "../../../../../../Users/Jacobus/Desktop/Unreal Projects/BuildingEscape_03/Content/StarterContent/Textures/T_Metal_Gold_N.uasset"
[2017.05.18-23.44.22:685][  0]LogPackFactory: Copied "../../../Samples/StarterContent/Content/StarterContent/Textures/T_Metal_Rust_D.uasset" to "../../../../../../Users/Jacobus/Desktop/Unreal Projects/BuildingEscape_03/Content/StarterContent/Textures/T_Metal_Rust_D.uasset"
[2017.05.18-23.44.22:906][  0]LogPackFactory: Copied "../../../Samples/StarterContent/Content/StarterContent/Textures/T_Metal_Rust_N.uasset" to "../../../../../../Users/Jacobus/Desktop/Unreal Projects/BuildingEscape_03/Content/StarterContent/Textures/T_Metal_Rust_N.uasset"
[2017.05.18-23.44.23:191][  0]LogPackFactory: Copied "../../../Samples/StarterContent/Content/StarterContent/Textures/T_Metal_Steel_D.uasset" to "../../../../../../Users/Jacobus/Desktop/Unreal Projects/BuildingEscape_03/Content/StarterContent/Textures/T_Metal_Steel_D.uasset"
[2017.05.18-23.44.23:374][  0]LogPackFactory: Copied "../../../Samples/StarterContent/Content/StarterContent/Textures/T_Metal_Steel_N.uasset" to "../../../../../../Users/Jacobus/Desktop/Unreal Projects/BuildingEscape_03/Content/StarterContent/Textures/T_Metal_Steel_N.uasset"
[2017.05.18-23.44.23:439][  0]LogPackFactory: Copied "../../../Samples/StarterContent/Content/StarterContent/Textures/T_Perlin_Noise_M.uasset" to "../../../../../../Users/Jacobus/Desktop/Unreal Projects/BuildingEscape_03/Content/StarterContent/Textures/T_Perlin_Noise_M.uasset"
[2017.05.18-23.44.23:705][  0]LogPackFactory: Copied "../../../Samples/StarterContent/Content/StarterContent/Textures/T_RockMesh_M.uasset" to "../../../../../../Users/Jacobus/Desktop/Unreal Projects/BuildingEscape_03/Content/StarterContent/Textures/T_RockMesh_M.uasset"
[2017.05.18-23.44.23:959][  0]LogPackFactory: Copied "../../../Samples/StarterContent/Content/StarterContent/Textures/T_RockMesh_N.uasset" to "../../../../../../Users/Jacobus/Desktop/Unreal Projects/BuildingEscape_03/Content/StarterContent/Textures/T_RockMesh_N.uasset"
[2017.05.18-23.44.24:062][  0]LogPackFactory: Copied "../../../Samples/StarterContent/Content/StarterContent/Textures/T_Rock_Basalt_D.uasset" to "../../../../../../Users/Jacobus/Desktop/Unreal Projects/BuildingEscape_03/Content/StarterContent/Textures/T_Rock_Basalt_D.uasset"
[2017.05.18-23.44.24:224][  0]LogPackFactory: Copied "../../../Samples/StarterContent/Content/StarterContent/Textures/T_Rock_Basalt_N.uasset" to "../../../../../../Users/Jacobus/Desktop/Unreal Projects/BuildingEscape_03/Content/StarterContent/Textures/T_Rock_Basalt_N.uasset"
[2017.05.18-23.44.24:368][  0]LogPackFactory: Copied "../../../Samples/StarterContent/Content/StarterContent/Textures/T_Rock_Marble_Polished_D.uasset" to "../../../../../../Users/Jacobus/Desktop/Unreal Projects/BuildingEscape_03/Content/StarterContent/Textures/T_Rock_Marble_Polished_D.uasset"
[2017.05.18-23.44.24:677][  0]LogPackFactory: Copied "../../../Samples/StarterContent/Content/StarterContent/Textures/T_Rock_Sandstone_D.uasset" to "../../../../../../Users/Jacobus/Desktop/Unreal Projects/BuildingEscape_03/Content/StarterContent/Textures/T_Rock_Sandstone_D.uasset"
[2017.05.18-23.44.24:935][  0]LogPackFactory: Copied "../../../Samples/StarterContent/Content/StarterContent/Textures/T_Rock_Sandstone_N.uasset" to "../../../../../../Users/Jacobus/Desktop/Unreal Projects/BuildingEscape_03/Content/StarterContent/Textures/T_Rock_Sandstone_N.uasset"
[2017.05.18-23.44.25:177][  0]LogPackFactory: Copied "../../../Samples/StarterContent/Content/StarterContent/Textures/T_Rock_Slate_D.uasset" to "../../../../../../Users/Jacobus/Desktop/Unreal Projects/BuildingEscape_03/Content/StarterContent/Textures/T_Rock_Slate_D.uasset"
[2017.05.18-23.44.25:658][  0]LogPackFactory: Copied "../../../Samples/StarterContent/Content/StarterContent/Textures/T_Rock_Slate_N.uasset" to "../../../../../../Users/Jacobus/Desktop/Unreal Projects/BuildingEscape_03/Content/StarterContent/Textures/T_Rock_Slate_N.uasset"
[2017.05.18-23.44.26:065][  0]LogPackFactory: Copied "../../../Samples/StarterContent/Content/StarterContent/Textures/T_Rock_Smooth_Granite_D.uasset" to "../../../../../../Users/Jacobus/Desktop/Unreal Projects/BuildingEscape_03/Content/StarterContent/Textures/T_Rock_Smooth_Granite_D.uasset"
[2017.05.18-23.44.26:251][  0]LogPackFactory: Copied "../../../Samples/StarterContent/Content/StarterContent/Textures/T_Shelf_M.uasset" to "../../../../../../Users/Jacobus/Desktop/Unreal Projects/BuildingEscape_03/Content/StarterContent/Textures/T_Shelf_M.uasset"
[2017.05.18-23.44.26:330][  0]LogPackFactory: Copied "../../../Samples/StarterContent/Content/StarterContent/Textures/T_Shelf_N.uasset" to "../../../../../../Users/Jacobus/Desktop/Unreal Projects/BuildingEscape_03/Content/StarterContent/Textures/T_Shelf_N.uasset"
[2017.05.18-23.44.26:861][  0]LogPackFactory: Copied "../../../Samples/StarterContent/Content/StarterContent/Textures/T_Single_Tile_N.uasset" to "../../../../../../Users/Jacobus/Desktop/Unreal Projects/BuildingEscape_03/Content/StarterContent/Textures/T_Single_Tile_N.uasset"
[2017.05.18-23.44.27:008][  0]LogPackFactory: Copied "../../../Samples/StarterContent/Content/StarterContent/Textures/T_Smoke_SubUV.uasset" to "../../../../../../Users/Jacobus/Desktop/Unreal Projects/BuildingEscape_03/Content/StarterContent/Textures/T_Smoke_SubUV.uasset"
[2017.05.18-23.44.27:455][  0]LogPackFactory: Copied "../../../Samples/StarterContent/Content/StarterContent/Textures/T_Smoke_Tiled_D.uasset" to "../../../../../../Users/Jacobus/Desktop/Unreal Projects/BuildingEscape_03/Content/StarterContent/Textures/T_Smoke_Tiled_D.uasset"
[2017.05.18-23.44.27:555][  0]LogPackFactory: Copied "../../../Samples/StarterContent/Content/StarterContent/Textures/T_Spark_Core.uasset" to "../../../../../../Users/Jacobus/Desktop/Unreal Projects/BuildingEscape_03/Content/StarterContent/Textures/T_Spark_Core.uasset"
[2017.05.18-23.44.27:593][  0]LogPackFactory: Copied "../../../Samples/StarterContent/Content/StarterContent/Textures/T_Statue_M.uasset" to "../../../../../../Users/Jacobus/Desktop/Unreal Projects/BuildingEscape_03/Content/StarterContent/Textures/T_Statue_M.uasset"
[2017.05.18-23.44.27:620][  0]LogPackFactory: Copied "../../../Samples/StarterContent/Content/StarterContent/Textures/T_Statue_N.uasset" to "../../../../../../Users/Jacobus/Desktop/Unreal Projects/BuildingEscape_03/Content/StarterContent/Textures/T_Statue_N.uasset"
[2017.05.18-23.44.28:103][  0]LogPackFactory: Copied "../../../Samples/StarterContent/Content/StarterContent/Textures/T_TableRound_M.uasset" to "../../../../../../Users/Jacobus/Desktop/Unreal Projects/BuildingEscape_03/Content/StarterContent/Textures/T_TableRound_M.uasset"
[2017.05.18-23.44.28:220][  0]LogPackFactory: Copied "../../../Samples/StarterContent/Content/StarterContent/Textures/T_TableRound_N.uasset" to "../../../../../../Users/Jacobus/Desktop/Unreal Projects/BuildingEscape_03/Content/StarterContent/Textures/T_TableRound_N.uasset"
[2017.05.18-23.44.28:384][  0]LogPackFactory: Copied "../../../Samples/StarterContent/Content/StarterContent/Textures/T_Tech_Dot_M.uasset" to "../../../../../../Users/Jacobus/Desktop/Unreal Projects/BuildingEscape_03/Content/StarterContent/Textures/T_Tech_Dot_M.uasset"
[2017.05.18-23.44.28:410][  0]LogPackFactory: Copied "../../../Samples/StarterContent/Content/StarterContent/Textures/T_Tech_Dot_N.uasset" to "../../../../../../Users/Jacobus/Desktop/Unreal Projects/BuildingEscape_03/Content/StarterContent/Textures/T_Tech_Dot_N.uasset"
[2017.05.18-23.44.28:729][  0]LogPackFactory: Copied "../../../Samples/StarterContent/Content/StarterContent/Textures/T_Tech_Hex_Tile_M.uasset" to "../../../../../../Users/Jacobus/Desktop/Unreal Projects/BuildingEscape_03/Content/StarterContent/Textures/T_Tech_Hex_Tile_M.uasset"
[2017.05.18-23.44.28:830][  0]LogPackFactory: Copied "../../../Samples/StarterContent/Content/StarterContent/Textures/T_Tech_Hex_Tile_N.uasset" to "../../../../../../Users/Jacobus/Desktop/Unreal Projects/BuildingEscape_03/Content/StarterContent/Textures/T_Tech_Hex_Tile_N.uasset"
[2017.05.18-23.44.29:038][  0]LogPackFactory: Copied "../../../Samples/StarterContent/Content/StarterContent/Textures/T_Tech_Panel_M.uasset" to "../../../../../../Users/Jacobus/Desktop/Unreal Projects/BuildingEscape_03/Content/StarterContent/Textures/T_Tech_Panel_M.uasset"
[2017.05.18-23.44.29:108][  0]LogPackFactory: Copied "../../../Samples/StarterContent/Content/StarterContent/Textures/T_Tech_Panel_N.uasset" to "../../../../../../Users/Jacobus/Desktop/Unreal Projects/BuildingEscape_03/Content/StarterContent/Textures/T_Tech_Panel_N.uasset"
[2017.05.18-23.44.29:212][  0]LogPackFactory: Copied "../../../Samples/StarterContent/Content/StarterContent/Textures/T_Water_M.uasset" to "../../../../../../Users/Jacobus/Desktop/Unreal Projects/BuildingEscape_03/Content/StarterContent/Textures/T_Water_M.uasset"
[2017.05.18-23.44.29:278][  0]LogPackFactory: Copied "../../../Samples/StarterContent/Content/StarterContent/Textures/T_Water_N.uasset" to "../../../../../../Users/Jacobus/Desktop/Unreal Projects/BuildingEscape_03/Content/StarterContent/Textures/T_Water_N.uasset"
[2017.05.18-23.44.29:319][  0]LogPackFactory: Copied "../../../Samples/StarterContent/Content/StarterContent/Textures/T_Wood_Floor_Walnut_D.uasset" to "../../../../../../Users/Jacobus/Desktop/Unreal Projects/BuildingEscape_03/Content/StarterContent/Textures/T_Wood_Floor_Walnut_D.uasset"
[2017.05.18-23.44.29:434][  0]LogPackFactory: Copied "../../../Samples/StarterContent/Content/StarterContent/Textures/T_Wood_Floor_Walnut_M.uasset" to "../../../../../../Users/Jacobus/Desktop/Unreal Projects/BuildingEscape_03/Content/StarterContent/Textures/T_Wood_Floor_Walnut_M.uasset"
[2017.05.18-23.44.29:571][  0]LogPackFactory: Copied "../../../Samples/StarterContent/Content/StarterContent/Textures/T_Wood_Floor_Walnut_N.uasset" to "../../../../../../Users/Jacobus/Desktop/Unreal Projects/BuildingEscape_03/Content/StarterContent/Textures/T_Wood_Floor_Walnut_N.uasset"
[2017.05.18-23.44.29:639][  0]LogPackFactory: Copied "../../../Samples/StarterContent/Content/StarterContent/Textures/T_Wood_Oak_D.uasset" to "../../../../../../Users/Jacobus/Desktop/Unreal Projects/BuildingEscape_03/Content/StarterContent/Textures/T_Wood_Oak_D.uasset"
[2017.05.18-23.44.29:692][  0]LogPackFactory: Copied "../../../Samples/StarterContent/Content/StarterContent/Textures/T_Wood_Oak_N.uasset" to "../../../../../../Users/Jacobus/Desktop/Unreal Projects/BuildingEscape_03/Content/StarterContent/Textures/T_Wood_Oak_N.uasset"
[2017.05.18-23.44.29:786][  0]LogPackFactory: Copied "../../../Samples/StarterContent/Content/StarterContent/Textures/T_Wood_Pine_D.uasset" to "../../../../../../Users/Jacobus/Desktop/Unreal Projects/BuildingEscape_03/Content/StarterContent/Textures/T_Wood_Pine_D.uasset"
[2017.05.18-23.44.30:044][  0]LogPackFactory: Copied "../../../Samples/StarterContent/Content/StarterContent/Textures/T_Wood_Pine_N.uasset" to "../../../../../../Users/Jacobus/Desktop/Unreal Projects/BuildingEscape_03/Content/StarterContent/Textures/T_Wood_Pine_N.uasset"
[2017.05.18-23.44.30:115][  0]LogPackFactory: Copied "../../../Samples/StarterContent/Content/StarterContent/Textures/T_Wood_Walnut_D.uasset" to "../../../../../../Users/Jacobus/Desktop/Unreal Projects/BuildingEscape_03/Content/StarterContent/Textures/T_Wood_Walnut_D.uasset"
[2017.05.18-23.44.30:204][  0]LogPackFactory: Copied "../../../Samples/StarterContent/Content/StarterContent/Textures/T_Wood_Walnut_N.uasset" to "../../../../../../Users/Jacobus/Desktop/Unreal Projects/BuildingEscape_03/Content/StarterContent/Textures/T_Wood_Walnut_N.uasset"
[2017.05.18-23.44.31:186][  0]LogRenderer: Reallocating scene render targets to support 256x256 (Frame:2).
[2017.05.18-23.44.31:989][  0]LogSavePackage: Save=198.07ms
[2017.05.18-23.44.31:989][  0]LogSavePackage: Moving '../../../../../../Users/Jacobus/Desktop/Unreal Projects/BuildingEscape_03/Saved/Floor_400x400E161620D4A5F3A0CB6CF28897B5FC037.tmp' to '../../../../../../Users/Jacobus/Desktop/Unreal Projects/BuildingEscape_03/Content/StarterContent/Architecture/Floor_400x400.uasset'
[2017.05.18-23.44.32:004][  0]LogSavePackage:Display: Finished SavePackage ../../../../../../Users/Jacobus/Desktop/Unreal Projects/BuildingEscape_03/Content/StarterContent/Architecture/Floor_400x400.uasset
[2017.05.18-23.44.32:005][  0]LogFeaturePack:Warning: Inserted 1 feature packs
[2017.05.18-23.44.32:015][  0]Cmd: MAP LOAD FILE="../../../../../../Users/Jacobus/Desktop/Unreal Projects/BuildingEscape_03/Content/StarterContent/Maps/Minimal_Default.umap" TEMPLATE=0 SHOWPROGRESS=1 FEATURELEVEL=3
[2017.05.18-23.44.32:019][  0]LightingResults: New page: Lighting Build
[2017.05.18-23.44.32:065][  0]MapCheck: New page: Map Check
[2017.05.18-23.44.32:065][  0]LightingResults: New page: Lighting Build
[2017.05.18-23.44.35:760][  0]LogAIModule: Creating AISystem for world Minimal_Default
[2017.05.18-23.44.36:231][  0]LogEditorServer: Finished looking for orphan Actors (0.001 secs)
[2017.05.18-23.44.36:245][  0]Cmd: MAP CHECKDEP NOCLEARLOG
[2017.05.18-23.44.36:293][  0]MapCheck: Info Map check complete: 0 Error(s), 0 Warning(s), took 47.865ms to complete.
[2017.05.18-23.44.36:293][  0]LogFileHelpers: Loading map 'Minimal_Default' took 4.283
[2017.05.18-23.44.37:284][  0]LogCollectionManager: Loaded 0 collections in 0.005738 seconds
[2017.05.18-23.44.37:535][  0]LogFileCache: Scanning file cache for directory 'C:/Users/Jacobus/Desktop/Unreal Projects/BuildingEscape_03/Saved/Collections/' took 0.01s
[2017.05.18-23.44.37:535][  0]LogFileCache: Scanning file cache for directory 'C:/Users/Jacobus/Desktop/Unreal Projects/BuildingEscape_03/Content/Developers/Jacobus/Collections/' took 0.01s
[2017.05.18-23.44.37:535][  0]LogFileCache: Scanning file cache for directory 'C:/Users/Jacobus/Desktop/Unreal Projects/BuildingEscape_03/Content/Collections/' took 0.01s
[2017.05.18-23.44.37:535][  0]LogCollectionManager: Rebuilt the GUID cache for 0 collections in 0.000003 seconds
[2017.05.18-23.44.37:573][  0]LogContentBrowser: Native class hierarchy populated in 0.0338 seconds. Added 2049 classes and 373 folders.
[2017.05.18-23.44.37:592][  0]LogStats: UGameplayTagsManager::ConstructGameplayTagT